#
# A fatal error has been detected by the Java Runtime Environment:
#
#  SIGSEGV (0xb) at pc=0x00007f8b072ce48e, pid=5435, tid=0x00007f8b07a26700
#
# JRE version: OpenJDK Runtime Environment (8.0_212-b03) (build 1.8.0_212-8u212-b03-0ubuntu1.16.04.1-b03)
# Java VM: OpenJDK 64-Bit Server VM (25.212-b03 mixed mode linux-amd64 compressed oops)
# Problematic frame:
# C  [libc.so.6+0x9548e]  strcasestr+0xe
#
# Failed to write core dump. Core dumps have been disabled. To enable core dumping, try "ulimit -c unlimited" before starting Java again
#
# If you would like to submit a bug report, please visit:
#   http://bugreport.java.com/bugreport/crash.jsp
# The crash happened outside the Java Virtual Machine in native code.
# See problematic frame for where to report the bug.
#

---------------  T H R E A D  ---------------

Current thread (0x000000000736b000):  JavaThread "main" [_thread_in_native, id=5435, stack(0x00007fff78383000,0x00007fff78483000)]

siginfo: si_signo: 11 (SIGSEGV), si_code: 1 (SEGV_MAPERR), si_addr: 0x0000000000000000

Registers:
RAX=0x0000000000000010, RBX=0x0000000000000400, RCX=0x000000007fffffef, RDX=0x0000000009114610
RSP=0x00007fff7847e930, RBP=0x00000000090e2cf0, RSI=0x0000000009114600, RDI=0x0000000000000000
R8 =0x0000000000000000, R9 =0x0000000000000010, R10=0x0000000000000009, R11=0x0000000000000009
R12=0x0000000009114600, R13=0x0000000000000000, R14=0x0000000002218000, R15=0x000000000895b670
RIP=0x00007f8b072ce48e, EFLAGS=0x0000000000010206, CSGSFS=0x002b000000000033, ERR=0x0000000000000004
  TRAPNO=0x000000000000000e

Top of Stack: (sp=0x00007fff7847e930)
0x00007fff7847e930:   0000000002218000 0000000000000001
0x00007fff7847e940:   000000000895b670 0000000000000400
0x00007fff7847e950:   00000000090e2cf0 00007f8b075fdb20
0x00007fff7847e960:   0000000000000020 0000000000000124
0x00007fff7847e970:   0000000000000000 0000000002218000
0x00007fff7847e980:   000000000895b670 00007f8b072bd184
0x00007fff7847e990:   0000000000000000 0000000000000400
0x00007fff7847e9a0:   00000000090e2cf0 0000000009114600
0x00007fff7847e9b0:   0000000000000000 0000000002218000
0x00007fff7847e9c0:   000000000895b670 00007f8b01d4a3e5
0x00007fff7847e9d0:   0000040006f0a268 00007f8b072bd53c
0x00007fff7847e9e0:   000000000895b670 0000000000000000
0x00007fff7847e9f0:   00007fff7847ea00 00000000089609d0
0x00007fff7847ea00:   0000000008961420 000000005cff619c
0x00007fff7847ea10:   00000000089609d0 0000000002218000
0x00007fff7847ea20:   0000000006f0a268 00007f8b01d4b3bd
0x00007fff7847ea30:   00007f8b079e5050 0000000002218000
0x00007fff7847ea40:   00000000089609d0 0000000000000000
0x00007fff7847ea50:   0000000000000000 0000000000000008
0x00007fff7847ea60:   00000000089609d0 00007f8b01d48050
0x00007fff7847ea70:   0000000000000008 000000000910eec0
0x00007fff7847ea80:   00007f8af0c66560 00007f8af118dbd0
0x00007fff7847ea90:   0000000000000008 00000000ffffffff
0x00007fff7847eaa0:   00007f8af0c66560 00007f8af0ea7128
0x00007fff7847eab0:   0000000006f0a268 00007f8b022711ab
0x00007fff7847eac0:   0000000801f0b5e0 0000000002218000
0x00007fff7847ead0:   0000000000000000 00000000004a7f7b
0x00007fff7847eae0:   00007fff7847eb10 00000000004c458a
0x00007fff7847eaf0:   00000000008f78a0 00007f8b04bec3d4
0x00007fff7847eb00:   00000000011220a0 000000000113a170
0x00007fff7847eb10:   00007f8af0c2b388 00007f8b079e5050
0x00007fff7847eb20:   00007f8b00000000 000000000113a170 

Instructions: (pc=0x00007f8b072ce48e)
0x00007f8b072ce46e:   ff ff 49 8d 04 2e eb b5 66 2e 0f 1f 84 00 00 00
0x00007f8b072ce47e:   00 00 41 57 41 56 41 55 41 54 55 53 48 83 ec 68
0x00007f8b072ce48e:   0f b6 07 84 c0 0f 84 d4 04 00 00 0f b6 16 84 d2
0x00007f8b072ce49e:   0f 84 d7 04 00 00 48 8b 0d 85 ea 32 00 48 89 f3 

Register to memory mapping:

RAX=0x0000000000000010 is an unknown value
RBX=0x0000000000000400 is an unknown value
RCX=0x000000007fffffef is an unknown value
RDX=0x0000000009114610 is an unknown value
RSP=0x00007fff7847e930 is pointing into the stack for thread: 0x000000000736b000
RBP=0x00000000090e2cf0 is an unknown value
RSI=0x0000000009114600 is an unknown value
RDI=0x0000000000000000 is an unknown value
R8 =0x0000000000000000 is an unknown value
R9 =0x0000000000000010 is an unknown value
R10=0x0000000000000009 is an unknown value
R11=0x0000000000000009 is an unknown value
R12=0x0000000009114600 is an unknown value
R13=0x0000000000000000 is an unknown value
R14=0x0000000002218000 is an unknown value
R15=0x000000000895b670 is an unknown value


Stack: [0x00007fff78383000,0x00007fff78483000],  sp=0x00007fff7847e930,  free space=1006k
Native frames: (J=compiled Java code, j=interpreted, Vv=VM code, C=native code)
C  [libc.so.6+0x9548e]  strcasestr+0xe


---------------  P R O C E S S  ---------------

Java Threads: ( => current thread )
  0x00007f8ac0001000 JavaThread "SIGINT handler" daemon [_thread_in_vm, id=9225, stack(0x00007f8ad5607000,0x00007f8ad5708000)]
  0x0000000008956800 JavaThread "Thread-0" [_thread_blocked, id=6123, stack(0x00007f8ad7eff000,0x00007f8ad8000000)]
  0x0000000008906000 JavaThread "Service Thread" daemon [_thread_blocked, id=6121, stack(0x00007f8adc118000,0x00007f8adc219000)]
  0x0000000008903000 JavaThread "C1 CompilerThread1" daemon [_thread_blocked, id=6120, stack(0x00007f8adc219000,0x00007f8adc31a000)]
  0x0000000008900000 JavaThread "C2 CompilerThread0" daemon [_thread_blocked, id=6119, stack(0x00007f8adc31a000,0x00007f8adc41b000)]
  0x00000000088fe800 JavaThread "Signal Dispatcher" daemon [_thread_blocked, id=6118, stack(0x00007f8adc41b000,0x00007f8adc51c000)]
  0x00000000088cd000 JavaThread "Finalizer" daemon [_thread_blocked, id=6117, stack(0x00007f8adc51c000,0x00007f8adc61d000)]
  0x00000000088cb800 JavaThread "Reference Handler" daemon [_thread_blocked, id=6116, stack(0x00007f8adc61d000,0x00007f8adc71e000)]
=>0x000000000736b000 JavaThread "main" [_thread_in_native, id=5435, stack(0x00007fff78383000,0x00007fff78483000)]

Other Threads:
  0x0000000007578000 VMThread [stack: 0x00007f8adc71e000,0x00007f8adc81f000] [id=6115]
  0x0000000008908800 WatcherThread [stack: 0x00007f8adc017000,0x00007f8adc118000] [id=6122]

VM state:not at safepoint (normal execution)

VM Mutex/Monitor currently owned by a thread:  ([mutex/lock_event])
[0x0000000007369a40] Threads_lock - owner thread: 0x00007f8ac0001000

heap address: 0x00000000c5200000, size: 942 MB, Compressed Oops mode: 32-bit
Narrow klass base: 0x0000000000000000, Narrow klass shift: 3
Compressed class space size: 1073741824 Address: 0x0000000100000000

Heap:
 PSYoungGen      total 17920K, used 15068K [0x00000000ec600000, 0x00000000eda00000, 0x0000000100000000)
  eden space 15360K, 98% used [0x00000000ec600000,0x00000000ed4b7150,0x00000000ed500000)
  from space 2560K, 0% used [0x00000000ed780000,0x00000000ed780000,0x00000000eda00000)
  to   space 2560K, 0% used [0x00000000ed500000,0x00000000ed500000,0x00000000ed780000)
 ParOldGen       total 40960K, used 0K [0x00000000c5200000, 0x00000000c7a00000, 0x00000000ec600000)
  object space 40960K, 0% used [0x00000000c5200000,0x00000000c5200000,0x00000000c7a00000)
 Metaspace       used 6840K, capacity 7060K, committed 7296K, reserved 1056768K
  class space    used 775K, capacity 864K, committed 896K, reserved 1048576K

Card table byte_map: [0x00007f8add701000,0x00007f8add8d9000] byte_map_base: 0x00007f8add0d8000

Marking Bits: (ParMarkBitMap*) 0x00007f8aee214580
 Begin Bits: [0x00007f8ad3655000, 0x00007f8ad450d000)
 End Bits:   [0x00007f8ad450d000, 0x00007f8ad53c5000)

Polling page: 0x00007f8b07a3c000

CodeCache: size=245760Kb used=2337Kb max_used=2337Kb free=243422Kb
 bounds [0x00007f8addc99000, 0x00007f8addf09000, 0x00007f8aecc99000]
 total_blobs=925 nmethods=619 adapters=222
 compilation: enabled

Compilation events (10 events):
Event: 36.540 Thread 0x0000000008903000  615       3       java.lang.AbstractStringBuilder::append (62 bytes)
Event: 36.544 Thread 0x0000000008903000 nmethod 615 0x00007f8addee0450 code [0x00007f8addee0660, 0x00007f8addee0f78]
Event: 43.249 Thread 0x0000000008903000  616       3       java.lang.Long::stringSize (38 bytes)
Event: 43.249 Thread 0x0000000008903000 nmethod 616 0x00007f8addedffd0 code [0x00007f8addee0140, 0x00007f8addee0390]
Event: 43.249 Thread 0x0000000008903000  617       3       java.lang.Long::getChars (221 bytes)
Event: 43.250 Thread 0x0000000008903000 nmethod 617 0x00007f8addedf050 code [0x00007f8addedf220, 0x00007f8addedf870]
Event: 43.250 Thread 0x0000000008903000  618       3       sun.jvm.hotspot.oops.Symbol::getByteAt (15 bytes)
Event: 43.251 Thread 0x0000000008903000 nmethod 618 0x00007f8addede990 code [0x00007f8addedeb20, 0x00007f8addedeea8]
Event: 50.669 Thread 0x0000000008903000  619       3       sun.jvm.hotspot.debugger.linux.LinuxAddress::minus (22 bytes)
Event: 50.670 Thread 0x0000000008903000 nmethod 619 0x00007f8addee2550 code [0x00007f8addee26c0, 0x00007f8addee2950]

GC Heap History (0 events):
No events

Deoptimization events (7 events):
Event: 20.478 Thread 0x000000000736b000 Uncommon trap: reason=unstable_if action=reinterpret pc=0x00007f8adde18c98 method=sun.jvm.hotspot.debugger.DebuggerUtilities.dataToCInteger([BZ)J @ 38
Event: 20.479 Thread 0x000000000736b000 Uncommon trap: reason=unstable_if action=reinterpret pc=0x00007f8adde08cac method=sun.jvm.hotspot.debugger.DebuggerUtilities.dataToCInteger([BZ)J @ 38
Event: 20.479 Thread 0x000000000736b000 Uncommon trap: reason=unstable_if action=reinterpret pc=0x00007f8adde095b4 method=sun.jvm.hotspot.debugger.DebuggerUtilities.dataToCInteger([BZ)J @ 38
Event: 22.627 Thread 0x000000000736b000 Uncommon trap: reason=unstable_if action=reinterpret pc=0x00007f8adde30f04 method=java.lang.String.indexOf(II)I @ 49
Event: 22.685 Thread 0x000000000736b000 Uncommon trap: reason=unstable_if action=reinterpret pc=0x00007f8adde7f2a0 method=java.lang.String.replace(CC)Ljava/lang/String; @ 26
Event: 22.724 Thread 0x000000000736b000 Uncommon trap: reason=unstable_if action=reinterpret pc=0x00007f8adde36ca4 method=java.lang.ThreadLocal$ThreadLocalMap.getEntry(Ljava/lang/ThreadLocal;)Ljava/lang/ThreadLocal$ThreadLocalMap$Entry; @ 21
Event: 22.727 Thread 0x000000000736b000 Uncommon trap: reason=unstable_if action=reinterpret pc=0x00007f8adde370cc method=java.lang.ThreadLocal$ThreadLocalMap.getEntry(Ljava/lang/ThreadLocal;)Ljava/lang/ThreadLocal$ThreadLocalMap$Entry; @ 21

Classes redefined (0 events):
No events

Internal exceptions (10 events):
Event: 20.588 Thread 0x000000000736b000 Exception <a 'java/security/PrivilegedActionException'> (0x00000000ecbe3df8) thrown at [/build/openjdk-8-lHVHKD/openjdk-8-8u212-b03/src/hotspot/src/share/vm/prims/jvm.cpp, line 1502]
Event: 20.588 Thread 0x000000000736b000 Exception <a 'java/security/PrivilegedActionException'> (0x00000000ecbe4008) thrown at [/build/openjdk-8-lHVHKD/openjdk-8-8u212-b03/src/hotspot/src/share/vm/prims/jvm.cpp, line 1502]
Event: 20.588 Thread 0x000000000736b000 Exception <a 'java/security/PrivilegedActionException'> (0x00000000ecbe6090) thrown at [/build/openjdk-8-lHVHKD/openjdk-8-8u212-b03/src/hotspot/src/share/vm/prims/jvm.cpp, line 1502]
Event: 20.588 Thread 0x000000000736b000 Exception <a 'java/security/PrivilegedActionException'> (0x00000000ecbe62a0) thrown at [/build/openjdk-8-lHVHKD/openjdk-8-8u212-b03/src/hotspot/src/share/vm/prims/jvm.cpp, line 1502]
Event: 20.588 Thread 0x000000000736b000 Exception <a 'java/security/PrivilegedActionException'> (0x00000000ecbe6d78) thrown at [/build/openjdk-8-lHVHKD/openjdk-8-8u212-b03/src/hotspot/src/share/vm/prims/jvm.cpp, line 1502]
Event: 20.588 Thread 0x000000000736b000 Exception <a 'java/security/PrivilegedActionException'> (0x00000000ecbe6f88) thrown at [/build/openjdk-8-lHVHKD/openjdk-8-8u212-b03/src/hotspot/src/share/vm/prims/jvm.cpp, line 1502]
Event: 22.656 Thread 0x000000000736b000 Exception <a 'java/lang/NoSuchFieldError': method resolution failed> (0x00000000ecf88910) thrown at [/build/openjdk-8-lHVHKD/openjdk-8-8u212-b03/src/hotspot/src/share/vm/prims/methodHandles.cpp, line 1167]
Event: 22.657 Thread 0x000000000736b000 Exception <a 'java/lang/NoSuchFieldError': method resolution failed> (0x00000000ecf95cc0) thrown at [/build/openjdk-8-lHVHKD/openjdk-8-8u212-b03/src/hotspot/src/share/vm/prims/methodHandles.cpp, line 1167]
Event: 22.724 Thread 0x000000000736b000 Implicit null exception at 0x00007f8adde36bf4 to 0x00007f8adde36c85
Event: 22.727 Thread 0x000000000736b000 Implicit null exception at 0x00007f8adde37030 to 0x00007f8adde370b1

Events (10 events):
Event: 26.816 loading class sun/reflect/BootstrapConstructorAccessorImpl done
Event: 26.869 loading class sun/jvm/hotspot/runtime/JavaCallWrapper$1
Event: 26.869 loading class sun/jvm/hotspot/runtime/JavaCallWrapper$1 done
Event: 26.869 loading class sun/jvm/hotspot/runtime/x86/X86JavaCallWrapper$1
Event: 26.869 loading class sun/jvm/hotspot/runtime/x86/X86JavaCallWrapper$1 done
Event: 32.246 loading class sun/jvm/hotspot/oops/Method$1
Event: 32.246 loading class sun/jvm/hotspot/oops/Method$1 done
Event: 32.400 loading class sun/jvm/hotspot/oops/ConstMethod$1
Event: 32.400 loading class sun/jvm/hotspot/oops/ConstMethod$1 done
Event: 50.833 loading class sun/misc/Signal$1


Dynamic libraries:
00400000-006de000 r-xp 00000000 08:01 4850912                            /usr/bin/python2.7
008dd000-008de000 r--p 002dd000 08:01 4850912                            /usr/bin/python2.7
008de000-00955000 rw-p 002de000 08:01 4850912                            /usr/bin/python2.7
00955000-00978000 rw-p 00000000 00:00 0 
01122000-091ff000 rw-p 00000000 00:00 0                                  [heap]
c5200000-c7a00000 rw-p 00000000 00:00 0 
c7a00000-ec600000 ---p 00000000 00:00 0 
ec600000-eda00000 rw-p 00000000 00:00 0 
eda00000-100000000 ---p 00000000 00:00 0 
100000000-1000e0000 rw-p 00000000 00:00 0 
1000e0000-140000000 ---p 00000000 00:00 0 
7f8a9c000000-7f8a9c021000 rw-p 00000000 00:00 0 
7f8a9c021000-7f8aa0000000 ---p 00000000 00:00 0 
7f8aa4000000-7f8aa4021000 rw-p 00000000 00:00 0 
7f8aa4021000-7f8aa8000000 ---p 00000000 00:00 0 
7f8aa8000000-7f8aa8168000 rw-p 00000000 00:00 0 
7f8aa8168000-7f8aac000000 ---p 00000000 00:00 0 
7f8aac000000-7f8aac021000 rw-p 00000000 00:00 0 
7f8aac021000-7f8ab0000000 ---p 00000000 00:00 0 
7f8ab0000000-7f8ab0021000 rw-p 00000000 00:00 0 
7f8ab0021000-7f8ab4000000 ---p 00000000 00:00 0 
7f8ab4000000-7f8ab4197000 rw-p 00000000 00:00 0 
7f8ab4197000-7f8ab8000000 ---p 00000000 00:00 0 
7f8ab8000000-7f8ab81ba000 rw-p 00000000 00:00 0 
7f8ab81ba000-7f8abc000000 ---p 00000000 00:00 0 
7f8abc000000-7f8abc021000 rw-p 00000000 00:00 0 
7f8abc021000-7f8ac0000000 ---p 00000000 00:00 0 
7f8ac0000000-7f8ac0021000 rw-p 00000000 00:00 0 
7f8ac0021000-7f8ac4000000 ---p 00000000 00:00 0 
7f8ac4000000-7f8ac4021000 rw-p 00000000 00:00 0 
7f8ac4021000-7f8ac8000000 ---p 00000000 00:00 0 
7f8ac8000000-7f8ac8021000 rw-p 00000000 00:00 0 
7f8ac8021000-7f8acc000000 ---p 00000000 00:00 0 
7f8acc000000-7f8acc021000 rw-p 00000000 00:00 0 
7f8acc021000-7f8ad0000000 ---p 00000000 00:00 0 
7f8ad0654000-7f8ad53c5000 rw-p 00000000 00:00 0 
7f8ad5506000-7f8ad5607000 rw-p 00000000 00:00 0 
7f8ad5607000-7f8ad560a000 ---p 00000000 00:00 0 
7f8ad560a000-7f8ad5708000 rw-p 00000000 00:00 0 
7f8ad5708000-7f8ad571e000 r-xp 00000000 08:01 6828324                    /usr/lib/jvm/java-8-openjdk-amd64/jre/lib/amd64/libnet.so
7f8ad571e000-7f8ad591e000 ---p 00016000 08:01 6828324                    /usr/lib/jvm/java-8-openjdk-amd64/jre/lib/amd64/libnet.so
7f8ad591e000-7f8ad591f000 r--p 00016000 08:01 6828324                    /usr/lib/jvm/java-8-openjdk-amd64/jre/lib/amd64/libnet.so
7f8ad591f000-7f8ad5920000 rw-p 00017000 08:01 6828324                    /usr/lib/jvm/java-8-openjdk-amd64/jre/lib/amd64/libnet.so
7f8ad5920000-7f8ad5931000 r-xp 00000000 08:01 6828297                    /usr/lib/jvm/java-8-openjdk-amd64/jre/lib/amd64/libnio.so
7f8ad5931000-7f8ad5b30000 ---p 00011000 08:01 6828297                    /usr/lib/jvm/java-8-openjdk-amd64/jre/lib/amd64/libnio.so
7f8ad5b30000-7f8ad5b31000 r--p 00010000 08:01 6828297                    /usr/lib/jvm/java-8-openjdk-amd64/jre/lib/amd64/libnio.so
7f8ad5b31000-7f8ad5b32000 rw-p 00011000 08:01 6828297                    /usr/lib/jvm/java-8-openjdk-amd64/jre/lib/amd64/libnio.so
7f8ad5b32000-7f8ad5b3a000 r-xp 00000000 08:01 22549233                   /lib/x86_64-linux-gnu/libthread_db-1.0.so
7f8ad5b3a000-7f8ad5d39000 ---p 00008000 08:01 22549233                   /lib/x86_64-linux-gnu/libthread_db-1.0.so
7f8ad5d39000-7f8ad5d3a000 r--p 00007000 08:01 22549233                   /lib/x86_64-linux-gnu/libthread_db-1.0.so
7f8ad5d3a000-7f8ad5d3b000 rw-p 00008000 08:01 22549233                   /lib/x86_64-linux-gnu/libthread_db-1.0.so
7f8ad5d3b000-7f8ad5d45000 r-xp 00000000 08:01 6828326                    /usr/lib/jvm/java-8-openjdk-amd64/jre/lib/amd64/libsaproc.so
7f8ad5d45000-7f8ad5f44000 ---p 0000a000 08:01 6828326                    /usr/lib/jvm/java-8-openjdk-amd64/jre/lib/amd64/libsaproc.so
7f8ad5f44000-7f8ad5f45000 r--p 00009000 08:01 6828326                    /usr/lib/jvm/java-8-openjdk-amd64/jre/lib/amd64/libsaproc.so
7f8ad5f45000-7f8ad5f46000 rw-p 0000a000 08:01 6828326                    /usr/lib/jvm/java-8-openjdk-amd64/jre/lib/amd64/libsaproc.so
7f8ad5f46000-7f8ad5f80000 r--s 006ee000 08:01 16256787                   /home/sqq/projects/IdeaProjects/JavaMemory/JDI/out/artifacts/JDI/JDI.jar
7f8ad5f80000-7f8ad6740000 rw-p 00000000 00:00 0 
7f8ad6740000-7f8ad6aac000 r-xp 00000000 08:01 16517003                   /home/sqq/.local/lib/python2.7/site-packages/cryptography/hazmat/bindings/_openssl.so
7f8ad6aac000-7f8ad6cac000 ---p 0036c000 08:01 16517003                   /home/sqq/.local/lib/python2.7/site-packages/cryptography/hazmat/bindings/_openssl.so
7f8ad6cac000-7f8ad6cf7000 rw-p 0036c000 08:01 16517003                   /home/sqq/.local/lib/python2.7/site-packages/cryptography/hazmat/bindings/_openssl.so
7f8ad6cf7000-7f8ad6cfb000 rw-p 00000000 00:00 0 
7f8ad6cfb000-7f8ad6cfd000 r-xp 00000000 08:01 16517002                   /home/sqq/.local/lib/python2.7/site-packages/cryptography/hazmat/bindings/_constant_time.so
7f8ad6cfd000-7f8ad6efc000 ---p 00002000 08:01 16517002                   /home/sqq/.local/lib/python2.7/site-packages/cryptography/hazmat/bindings/_constant_time.so
7f8ad6efc000-7f8ad6efd000 rw-p 00001000 08:01 16517002                   /home/sqq/.local/lib/python2.7/site-packages/cryptography/hazmat/bindings/_constant_time.so
7f8ad6efd000-7f8ad6efe000 ---p 00000000 00:00 0 
7f8ad6efe000-7f8ad76fe000 rw-p 00000000 00:00 0 
7f8ad76fe000-7f8ad76ff000 ---p 00000000 00:00 0 
7f8ad76ff000-7f8ad7eff000 rw-p 00000000 00:00 0 
7f8ad7eff000-7f8ad7f02000 ---p 00000000 00:00 0 
7f8ad7f02000-7f8ad8000000 rw-p 00000000 00:00 0 
7f8ad8000000-7f8ad8021000 rw-p 00000000 00:00 0 
7f8ad8021000-7f8adc000000 ---p 00000000 00:00 0 
7f8adc017000-7f8adc018000 ---p 00000000 00:00 0 
7f8adc018000-7f8adc118000 rw-p 00000000 00:00 0 
7f8adc118000-7f8adc11b000 ---p 00000000 00:00 0 
7f8adc11b000-7f8adc219000 rw-p 00000000 00:00 0 
7f8adc219000-7f8adc21c000 ---p 00000000 00:00 0 
7f8adc21c000-7f8adc31a000 rw-p 00000000 00:00 0 
7f8adc31a000-7f8adc31d000 ---p 00000000 00:00 0 
7f8adc31d000-7f8adc41b000 rw-p 00000000 00:00 0 
7f8adc41b000-7f8adc41e000 ---p 00000000 00:00 0 
7f8adc41e000-7f8adc51c000 rw-p 00000000 00:00 0 
7f8adc51c000-7f8adc51f000 ---p 00000000 00:00 0 
7f8adc51f000-7f8adc61d000 rw-p 00000000 00:00 0 
7f8adc61d000-7f8adc620000 ---p 00000000 00:00 0 
7f8adc620000-7f8adc71e000 rw-p 00000000 00:00 0 
7f8adc71e000-7f8adc71f000 ---p 00000000 00:00 0 
7f8adc71f000-7f8adc81f000 rw-p 00000000 00:00 0 
7f8adc81f000-7f8adc9ee000 r--s 03c3b000 08:01 6554458                    /usr/lib/jvm/java-8-openjdk-amd64/jre/lib/rt.jar
7f8adc9ee000-7f8add02e000 rw-p 00000000 00:00 0 
7f8add02e000-7f8add1ee000 ---p 00000000 00:00 0 
7f8add1ee000-7f8add3c5000 rw-p 00000000 00:00 0 
7f8add3c5000-7f8add3c6000 ---p 00000000 00:00 0 
7f8add3c6000-7f8add4c6000 rw-p 00000000 00:00 0 
7f8add4c6000-7f8add4c7000 ---p 00000000 00:00 0 
7f8add4c7000-7f8add5db000 rw-p 00000000 00:00 0 
7f8add5db000-7f8add701000 ---p 00000000 00:00 0 
7f8add701000-7f8add715000 rw-p 00000000 00:00 0 
7f8add715000-7f8add83b000 ---p 00000000 00:00 0 
7f8add83b000-7f8add845000 rw-p 00000000 00:00 0 
7f8add845000-7f8add8d8000 ---p 00000000 00:00 0 
7f8add8d8000-7f8add8e3000 rw-p 00000000 00:00 0 
7f8add8e3000-7f8addc99000 ---p 00000000 00:00 0 
7f8addc99000-7f8addf09000 rwxp 00000000 00:00 0 
7f8addf09000-7f8aecc99000 ---p 00000000 00:00 0 
7f8aecc99000-7f8aecca1000 r-xp 00000000 08:01 6828331                    /usr/lib/jvm/java-8-openjdk-amd64/jre/lib/amd64/libzip.so
7f8aecca1000-7f8aecea0000 ---p 00008000 08:01 6828331                    /usr/lib/jvm/java-8-openjdk-amd64/jre/lib/amd64/libzip.so
7f8aecea0000-7f8aecea1000 r--p 00007000 08:01 6828331                    /usr/lib/jvm/java-8-openjdk-amd64/jre/lib/amd64/libzip.so
7f8aecea1000-7f8aecea2000 rw-p 00008000 08:01 6828331                    /usr/lib/jvm/java-8-openjdk-amd64/jre/lib/amd64/libzip.so
7f8aecea2000-7f8aecece000 r-xp 00000000 08:01 6828312                    /usr/lib/jvm/java-8-openjdk-amd64/jre/lib/amd64/libjava.so
7f8aecece000-7f8aed0cd000 ---p 0002c000 08:01 6828312                    /usr/lib/jvm/java-8-openjdk-amd64/jre/lib/amd64/libjava.so
7f8aed0cd000-7f8aed0ce000 r--p 0002b000 08:01 6828312                    /usr/lib/jvm/java-8-openjdk-amd64/jre/lib/amd64/libjava.so
7f8aed0ce000-7f8aed0d0000 rw-p 0002c000 08:01 6828312                    /usr/lib/jvm/java-8-openjdk-amd64/jre/lib/amd64/libjava.so
7f8aed0d0000-7f8aed0df000 r-xp 00000000 08:01 6828300                    /usr/lib/jvm/java-8-openjdk-amd64/jre/lib/amd64/libverify.so
7f8aed0df000-7f8aed2de000 ---p 0000f000 08:01 6828300                    /usr/lib/jvm/java-8-openjdk-amd64/jre/lib/amd64/libverify.so
7f8aed2de000-7f8aed2e0000 r--p 0000e000 08:01 6828300                    /usr/lib/jvm/java-8-openjdk-amd64/jre/lib/amd64/libverify.so
7f8aed2e0000-7f8aed2e1000 rw-p 00010000 08:01 6828300                    /usr/lib/jvm/java-8-openjdk-amd64/jre/lib/amd64/libverify.so
7f8aed2e1000-7f8aedf45000 r-xp 00000000 08:01 6828310                    /usr/lib/jvm/java-8-openjdk-amd64/jre/lib/amd64/server/libjvm.so
7f8aedf45000-7f8aee144000 ---p 00c64000 08:01 6828310                    /usr/lib/jvm/java-8-openjdk-amd64/jre/lib/amd64/server/libjvm.so
7f8aee144000-7f8aee1d8000 r--p 00c63000 08:01 6828310                    /usr/lib/jvm/java-8-openjdk-amd64/jre/lib/amd64/server/libjvm.so
7f8aee1d8000-7f8aee201000 rw-p 00cf7000 08:01 6828310                    /usr/lib/jvm/java-8-openjdk-amd64/jre/lib/amd64/server/libjvm.so
7f8aee201000-7f8aee231000 rw-p 00000000 00:00 0 
7f8aee231000-7f8aee23c000 r-xp 00000000 08:01 22549163                   /lib/x86_64-linux-gnu/libnss_files-2.23.so
7f8aee23c000-7f8aee43b000 ---p 0000b000 08:01 22549163                   /lib/x86_64-linux-gnu/libnss_files-2.23.so
7f8aee43b000-7f8aee43c000 r--p 0000a000 08:01 22549163                   /lib/x86_64-linux-gnu/libnss_files-2.23.so
7f8aee43c000-7f8aee43d000 rw-p 0000b000 08:01 22549163                   /lib/x86_64-linux-gnu/libnss_files-2.23.so
7f8aee43d000-7f8aee443000 rw-p 00000000 00:00 0 
7f8aee443000-7f8aee44e000 r-xp 00000000 08:01 22549173                   /lib/x86_64-linux-gnu/libnss_nis-2.23.so
7f8aee44e000-7f8aee64d000 ---p 0000b000 08:01 22549173                   /lib/x86_64-linux-gnu/libnss_nis-2.23.so
7f8aee64d000-7f8aee64e000 r--p 0000a000 08:01 22549173                   /lib/x86_64-linux-gnu/libnss_nis-2.23.so
7f8aee64e000-7f8aee64f000 rw-p 0000b000 08:01 22549173                   /lib/x86_64-linux-gnu/libnss_nis-2.23.so
7f8aee64f000-7f8aee665000 r-xp 00000000 08:01 22549157                   /lib/x86_64-linux-gnu/libnsl-2.23.so
7f8aee665000-7f8aee864000 ---p 00016000 08:01 22549157                   /lib/x86_64-linux-gnu/libnsl-2.23.so
7f8aee864000-7f8aee865000 r--p 00015000 08:01 22549157                   /lib/x86_64-linux-gnu/libnsl-2.23.so
7f8aee865000-7f8aee866000 rw-p 00016000 08:01 22549157                   /lib/x86_64-linux-gnu/libnsl-2.23.so
7f8aee866000-7f8aee868000 rw-p 00000000 00:00 0 
7f8aee868000-7f8aee870000 r-xp 00000000 08:01 22549159                   /lib/x86_64-linux-gnu/libnss_compat-2.23.so
7f8aee870000-7f8aeea6f000 ---p 00008000 08:01 22549159                   /lib/x86_64-linux-gnu/libnss_compat-2.23.so
7f8aeea6f000-7f8aeea70000 r--p 00007000 08:01 22549159                   /lib/x86_64-linux-gnu/libnss_compat-2.23.so
7f8aeea70000-7f8aeea71000 rw-p 00008000 08:01 22549159                   /lib/x86_64-linux-gnu/libnss_compat-2.23.so
7f8aeea71000-7f8aeff71000 rw-p 00000000 00:00 0 
7f8aeffa0000-7f8af0020000 rw-p 00000000 00:00 0 
7f8af0020000-7f8af002f000 r-xp 00000000 08:01 4983958                    /usr/lib/python2.7/lib-dynload/pyexpat.x86_64-linux-gnu.so
7f8af002f000-7f8af022e000 ---p 0000f000 08:01 4983958                    /usr/lib/python2.7/lib-dynload/pyexpat.x86_64-linux-gnu.so
7f8af022e000-7f8af022f000 r--p 0000e000 08:01 4983958                    /usr/lib/python2.7/lib-dynload/pyexpat.x86_64-linux-gnu.so
7f8af022f000-7f8af0231000 rw-p 0000f000 08:01 4983958                    /usr/lib/python2.7/lib-dynload/pyexpat.x86_64-linux-gnu.so
7f8af0231000-7f8af0271000 rw-p 00000000 00:00 0 
7f8af0272000-7f8af0572000 rw-p 00000000 00:00 0 
7f8af05a4000-7f8af06a4000 rw-p 00000000 00:00 0 
7f8af06a4000-7f8af06b1000 r-xp 00000000 08:01 4983937                    /usr/lib/python2.7/lib-dynload/_elementtree.x86_64-linux-gnu.so
7f8af06b1000-7f8af08b0000 ---p 0000d000 08:01 4983937                    /usr/lib/python2.7/lib-dynload/_elementtree.x86_64-linux-gnu.so
7f8af08b0000-7f8af08b1000 r--p 0000c000 08:01 4983937                    /usr/lib/python2.7/lib-dynload/_elementtree.x86_64-linux-gnu.so
7f8af08b1000-7f8af08b2000 rw-p 0000d000 08:01 4983937                    /usr/lib/python2.7/lib-dynload/_elementtree.x86_64-linux-gnu.so
7f8af08b2000-7f8af0b32000 rw-p 00000000 00:00 0 
7f8af0b33000-7f8af1033000 rw-p 00000000 00:00 0 
7f8af105f000-7f8af109f000 rw-p 00000000 00:00 0 
7f8af109f000-7f8af1133000 r--p 00000000 08:01 6689095                    /usr/share/locale-langpack/zh_CN/LC_MESSAGES/libvirt.mo
7f8af1133000-7f8af12b3000 rw-p 00000000 00:00 0 
7f8af12b3000-7f8af168d000 rw-p 00000000 00:00 0 
7f8af1699000-7f8af16b4000 r--s 001d6000 08:01 7082173                    /usr/lib/jvm/java-8-openjdk-amd64/jre/lib/ext/nashorn.jar
7f8af16b4000-7f8af1986000 rw-p 00000000 00:00 0 
7f8af1991000-7f8af1996000 r--s 0003c000 08:01 7082176                    /usr/lib/jvm/java-8-openjdk-amd64/jre/lib/ext/sunjce_provider.jar
7f8af1996000-7f8af19b7000 r--p 00000000 08:01 6689073                    /usr/share/locale-langpack/zh_CN/LC_MESSAGES/libc.mo
7f8af19b7000-7f8af3037000 rw-p 00000000 00:00 0 
7f8af3037000-7f8af3039000 r-xp 00000000 08:01 5508398                    /usr/local/lib/python2.7/dist-packages/Crypto/Util/strxor.so
7f8af3039000-7f8af3238000 ---p 00002000 08:01 5508398                    /usr/local/lib/python2.7/dist-packages/Crypto/Util/strxor.so
7f8af3238000-7f8af3239000 r--p 00001000 08:01 5508398                    /usr/local/lib/python2.7/dist-packages/Crypto/Util/strxor.so
7f8af3239000-7f8af323a000 rw-p 00002000 08:01 5508398                    /usr/local/lib/python2.7/dist-packages/Crypto/Util/strxor.so
7f8af323a000-7f8af3242000 r-xp 00000000 08:01 5508407                    /usr/local/lib/python2.7/dist-packages/Crypto/Cipher/_AES.so
7f8af3242000-7f8af3441000 ---p 00008000 08:01 5508407                    /usr/local/lib/python2.7/dist-packages/Crypto/Cipher/_AES.so
7f8af3441000-7f8af3442000 r--p 00007000 08:01 5508407                    /usr/local/lib/python2.7/dist-packages/Crypto/Cipher/_AES.so
7f8af3442000-7f8af3443000 rw-p 00008000 08:01 5508407                    /usr/local/lib/python2.7/dist-packages/Crypto/Cipher/_AES.so
7f8af3443000-7f8af3a83000 rw-p 00000000 00:00 0 
7f8af3a83000-7f8af3aa7000 r-xp 00000000 08:01 22549205                   /lib/x86_64-linux-gnu/libpng12.so.0.54.0
7f8af3aa7000-7f8af3ca6000 ---p 00024000 08:01 22549205                   /lib/x86_64-linux-gnu/libpng12.so.0.54.0
7f8af3ca6000-7f8af3ca7000 r--p 00023000 08:01 22549205                   /lib/x86_64-linux-gnu/libpng12.so.0.54.0
7f8af3ca7000-7f8af3ca8000 rw-p 00024000 08:01 22549205                   /lib/x86_64-linux-gnu/libpng12.so.0.54.0
7f8af3ca8000-7f8af3cad000 r-xp 00000000 08:01 4857633                    /usr/lib/x86_64-linux-gnu/libXdmcp.so.6.0.0
7f8af3cad000-7f8af3eac000 ---p 00005000 08:01 4857633                    /usr/lib/x86_64-linux-gnu/libXdmcp.so.6.0.0
7f8af3eac000-7f8af3ead000 r--p 00004000 08:01 4857633                    /usr/lib/x86_64-linux-gnu/libXdmcp.so.6.0.0
7f8af3ead000-7f8af3eae000 rw-p 00005000 08:01 4857633                    /usr/lib/x86_64-linux-gnu/libXdmcp.so.6.0.0
7f8af3eae000-7f8af3eb0000 r-xp 00000000 08:01 4857622                    /usr/lib/x86_64-linux-gnu/libXau.so.6.0.0
7f8af3eb0000-7f8af40b0000 ---p 00002000 08:01 4857622                    /usr/lib/x86_64-linux-gnu/libXau.so.6.0.0
7f8af40b0000-7f8af40b1000 r--p 00002000 08:01 4857622                    /usr/lib/x86_64-linux-gnu/libXau.so.6.0.0
7f8af40b1000-7f8af40b2000 rw-p 00003000 08:01 4857622                    /usr/lib/x86_64-linux-gnu/libXau.so.6.0.0
7f8af40b2000-7f8af40c3000 r-xp 00000000 08:01 4857635                    /usr/lib/x86_64-linux-gnu/libXext.so.6.4.0
7f8af40c3000-7f8af42c2000 ---p 00011000 08:01 4857635                    /usr/lib/x86_64-linux-gnu/libXext.so.6.4.0
7f8af42c2000-7f8af42c3000 r--p 00010000 08:01 4857635                    /usr/lib/x86_64-linux-gnu/libXext.so.6.4.0
7f8af42c3000-7f8af42c4000 rw-p 00011000 08:01 4857635                    /usr/lib/x86_64-linux-gnu/libXext.so.6.4.0
7f8af42c4000-7f8af42ea000 r-xp 00000000 08:01 22549095                   /lib/x86_64-linux-gnu/libexpat.so.1.6.0
7f8af42ea000-7f8af44ea000 ---p 00026000 08:01 22549095                   /lib/x86_64-linux-gnu/libexpat.so.1.6.0
7f8af44ea000-7f8af44ec000 r--p 00026000 08:01 22549095                   /lib/x86_64-linux-gnu/libexpat.so.1.6.0
7f8af44ec000-7f8af44ed000 rw-p 00028000 08:01 22549095                   /lib/x86_64-linux-gnu/libexpat.so.1.6.0
7f8af44ed000-7f8af44f6000 r-xp 00000000 08:01 4857657                    /usr/lib/x86_64-linux-gnu/libXrender.so.1.3.0
7f8af44f6000-7f8af46f5000 ---p 00009000 08:01 4857657                    /usr/lib/x86_64-linux-gnu/libXrender.so.1.3.0
7f8af46f5000-7f8af46f6000 r--p 00008000 08:01 4857657                    /usr/lib/x86_64-linux-gnu/libXrender.so.1.3.0
7f8af46f6000-7f8af46f7000 rw-p 00009000 08:01 4857657                    /usr/lib/x86_64-linux-gnu/libXrender.so.1.3.0
7f8af46f7000-7f8af479b000 r-xp 00000000 08:01 4858062                    /usr/lib/x86_64-linux-gnu/libfreetype.so.6.12.1
7f8af479b000-7f8af499a000 ---p 000a4000 08:01 4858062                    /usr/lib/x86_64-linux-gnu/libfreetype.so.6.12.1
7f8af499a000-7f8af49a0000 r--p 000a3000 08:01 4858062                    /usr/lib/x86_64-linux-gnu/libfreetype.so.6.12.1
7f8af49a0000-7f8af49a1000 rw-p 000a9000 08:01 4858062                    /usr/lib/x86_64-linux-gnu/libfreetype.so.6.12.1
7f8af49a1000-7f8af49c2000 r-xp 00000000 08:01 4859048                    /usr/lib/x86_64-linux-gnu/libxcb.so.1.1.0
7f8af49c2000-7f8af4bc1000 ---p 00021000 08:01 4859048                    /usr/lib/x86_64-linux-gnu/libxcb.so.1.1.0
7f8af4bc1000-7f8af4bc2000 r--p 00020000 08:01 4859048                    /usr/lib/x86_64-linux-gnu/libxcb.so.1.1.0
7f8af4bc2000-7f8af4bc3000 rw-p 00021000 08:01 4859048                    /usr/lib/x86_64-linux-gnu/libxcb.so.1.1.0
7f8af4bc3000-7f8af4bc5000 r-xp 00000000 08:01 4857659                    /usr/lib/x86_64-linux-gnu/libXss.so.1.0.0
7f8af4bc5000-7f8af4dc5000 ---p 00002000 08:01 4857659                    /usr/lib/x86_64-linux-gnu/libXss.so.1.0.0
7f8af4dc5000-7f8af4dc6000 r--p 00002000 08:01 4857659                    /usr/lib/x86_64-linux-gnu/libXss.so.1.0.0
7f8af4dc6000-7f8af4dc7000 rw-p 00003000 08:01 4857659                    /usr/lib/x86_64-linux-gnu/libXss.so.1.0.0
7f8af4dc7000-7f8af4e04000 r-xp 00000000 08:01 4858028                    /usr/lib/x86_64-linux-gnu/libfontconfig.so.1.9.0
7f8af4e04000-7f8af5003000 ---p 0003d000 08:01 4858028                    /usr/lib/x86_64-linux-gnu/libfontconfig.so.1.9.0
7f8af5003000-7f8af5005000 r--p 0003c000 08:01 4858028                    /usr/lib/x86_64-linux-gnu/libfontconfig.so.1.9.0
7f8af5005000-7f8af500a000 rw-p 0003e000 08:01 4858028                    /usr/lib/x86_64-linux-gnu/libfontconfig.so.1.9.0
7f8af500a000-7f8af501e000 r-xp 00000000 08:01 4857643                    /usr/lib/x86_64-linux-gnu/libXft.so.2.3.2
7f8af501e000-7f8af521d000 ---p 00014000 08:01 4857643                    /usr/lib/x86_64-linux-gnu/libXft.so.2.3.2
7f8af521d000-7f8af521e000 r--p 00013000 08:01 4857643                    /usr/lib/x86_64-linux-gnu/libXft.so.2.3.2
7f8af521e000-7f8af521f000 rw-p 00014000 08:01 4857643                    /usr/lib/x86_64-linux-gnu/libXft.so.2.3.2
7f8af521f000-7f8af5354000 r-xp 00000000 08:01 4857618                    /usr/lib/x86_64-linux-gnu/libX11.so.6.3.0
7f8af5354000-7f8af5554000 ---p 00135000 08:01 4857618                    /usr/lib/x86_64-linux-gnu/libX11.so.6.3.0
7f8af5554000-7f8af5555000 r--p 00135000 08:01 4857618                    /usr/lib/x86_64-linux-gnu/libX11.so.6.3.0
7f8af5555000-7f8af5559000 rw-p 00136000 08:01 4857618                    /usr/lib/x86_64-linux-gnu/libX11.so.6.3.0
7f8af5559000-7f8af56f8000 r-xp 00000000 08:01 4858807                    /usr/lib/x86_64-linux-gnu/libtcl8.6.so
7f8af56f8000-7f8af58f8000 ---p 0019f000 08:01 4858807                    /usr/lib/x86_64-linux-gnu/libtcl8.6.so
7f8af58f8000-7f8af5906000 r--p 0019f000 08:01 4858807                    /usr/lib/x86_64-linux-gnu/libtcl8.6.so
7f8af5906000-7f8af5907000 rw-p 001ad000 08:01 4858807                    /usr/lib/x86_64-linux-gnu/libtcl8.6.so
7f8af5907000-7f8af5908000 rw-p 00000000 00:00 0 
7f8af5908000-7f8af5a47000 r-xp 00000000 08:01 4858833                    /usr/lib/x86_64-linux-gnu/libtk8.6.so
7f8af5a47000-7f8af5c47000 ---p 0013f000 08:01 4858833                    /usr/lib/x86_64-linux-gnu/libtk8.6.so
7f8af5c47000-7f8af5c5c000 r--p 0013f000 08:01 4858833                    /usr/lib/x86_64-linux-gnu/libtk8.6.so
7f8af5c5c000-7f8af5c65000 rw-p 00154000 08:01 4858833                    /usr/lib/x86_64-linux-gnu/libtk8.6.so
7f8af5c65000-7f8af5dac000 r-xp 00000000 08:01 4863798                    /usr/lib/libBLT.2.5.so.8.6
7f8af5dac000-7f8af5fab000 ---p 00147000 08:01 4863798                    /usr/lib/libBLT.2.5.so.8.6
7f8af5fab000-7f8af5fac000 r--p 00146000 08:01 4863798                    /usr/lib/libBLT.2.5.so.8.6
7f8af5fac000-7f8af5fcd000 rw-p 00147000 08:01 4863798                    /usr/lib/libBLT.2.5.so.8.6
7f8af5fcd000-7f8af5fce000 rw-p 00000000 00:00 0 
7f8af5fce000-7f8af5fdc000 r-xp 00000000 08:01 4981808                    /usr/lib/python2.7/lib-dynload/_tkinter.so
7f8af5fdc000-7f8af61db000 ---p 0000e000 08:01 4981808                    /usr/lib/python2.7/lib-dynload/_tkinter.so
7f8af61db000-7f8af61dc000 r--p 0000d000 08:01 4981808                    /usr/lib/python2.7/lib-dynload/_tkinter.so
7f8af61dc000-7f8af61de000 rw-p 0000e000 08:01 4981808                    /usr/lib/python2.7/lib-dynload/_tkinter.so
7f8af61de000-7f8af679e000 rw-p 00000000 00:00 0 
7f8af679e000-7f8af67a2000 r-xp 00000000 08:01 4983961                    /usr/lib/python2.7/lib-dynload/termios.x86_64-linux-gnu.so
7f8af67a2000-7f8af69a1000 ---p 00004000 08:01 4983961                    /usr/lib/python2.7/lib-dynload/termios.x86_64-linux-gnu.so
7f8af69a1000-7f8af69a2000 r--p 00003000 08:01 4983961                    /usr/lib/python2.7/lib-dynload/termios.x86_64-linux-gnu.so
7f8af69a2000-7f8af69a4000 rw-p 00004000 08:01 4983961                    /usr/lib/python2.7/lib-dynload/termios.x86_64-linux-gnu.so
7f8af69a4000-7f8af6a24000 rw-p 00000000 00:00 0 
7f8af6a24000-7f8af6a7f000 r-xp 00000000 08:01 16517032                   /home/sqq/.local/lib/python2.7/site-packages/nacl/_sodium.so
7f8af6a7f000-7f8af6c7e000 ---p 0005b000 08:01 16517032                   /home/sqq/.local/lib/python2.7/site-packages/nacl/_sodium.so
7f8af6c7e000-7f8af6c82000 rw-p 0005a000 08:01 16517032                   /home/sqq/.local/lib/python2.7/site-packages/nacl/_sodium.so
7f8af6c82000-7f8af6c89000 r-xp 00000000 08:01 16516689                   /home/sqq/.local/lib/python2.7/site-packages/.libs_cffi_backend/libffi-45372312.so.6.0.4
7f8af6c89000-7f8af6e89000 ---p 00007000 08:01 16516689                   /home/sqq/.local/lib/python2.7/site-packages/.libs_cffi_backend/libffi-45372312.so.6.0.4
7f8af6e89000-7f8af6e8a000 rw-p 00007000 08:01 16516689                   /home/sqq/.local/lib/python2.7/site-packages/.libs_cffi_backend/libffi-45372312.so.6.0.4
7f8af6e8a000-7f8af6e8b000 rw-p 00024000 08:01 16516689                   /home/sqq/.local/lib/python2.7/site-packages/.libs_cffi_backend/libffi-45372312.so.6.0.4
7f8af6e8b000-7f8af6eb5000 r-xp 00000000 08:01 16516645                   /home/sqq/.local/lib/python2.7/site-packages/_cffi_backend.so
7f8af6eb5000-7f8af70b4000 ---p 0002a000 08:01 16516645                   /home/sqq/.local/lib/python2.7/site-packages/_cffi_backend.so
7f8af70b4000-7f8af70bb000 rw-p 00029000 08:01 16516645                   /home/sqq/.local/lib/python2.7/site-packages/_cffi_backend.so
7f8af70bb000-7f8af70bd000 rw-p 00000000 00:00 0 
7f8af70bd000-7f8af70c1000 rw-p 000be000 08:01 16516645                   /home/sqq/.local/lib/python2.7/site-packages/_cffi_backend.so
7f8af70c1000-7f8af70ca000 r-xp 00000000 08:01 16516743                   /home/sqq/.local/lib/python2.7/site-packages/bcrypt/_bcrypt.so
7f8af70ca000-7f8af72c9000 ---p 00009000 08:01 16516743                   /home/sqq/.local/lib/python2.7/site-packages/bcrypt/_bcrypt.so
7f8af72c9000-7f8af72ca000 rw-p 00008000 08:01 16516743                   /home/sqq/.local/lib/python2.7/site-packages/bcrypt/_bcrypt.so
7f8af72ca000-7f8af7d8a000 rw-p 00000000 00:00 0 
7f8af7d8a000-7f8af7dfd000 r-xp 00000000 08:01 5508677                    /usr/local/lib/python2.7/dist-packages/JPype1-0.6.3-py2.7-linux-x86_64.egg/_jpype.so
7f8af7dfd000-7f8af7ffc000 ---p 00073000 08:01 5508677                    /usr/local/lib/python2.7/dist-packages/JPype1-0.6.3-py2.7-linux-x86_64.egg/_jpype.so
7f8af7ffc000-7f8af7ffe000 r--p 00072000 08:01 5508677                    /usr/local/lib/python2.7/dist-packages/JPype1-0.6.3-py2.7-linux-x86_64.egg/_jpype.so
7f8af7ffe000-7f8af8001000 rw-p 00074000 08:01 5508677                    /usr/local/lib/python2.7/dist-packages/JPype1-0.6.3-py2.7-linux-x86_64.egg/_jpype.so
7f8af8001000-7f8af800a000 r-xp 00000000 08:01 22549074                   /lib/x86_64-linux-gnu/libcrypt-2.23.so
7f8af800a000-7f8af8209000 ---p 00009000 08:01 22549074                   /lib/x86_64-linux-gnu/libcrypt-2.23.so
7f8af8209000-7f8af820a000 r--p 00008000 08:01 22549074                   /lib/x86_64-linux-gnu/libcrypt-2.23.so
7f8af820a000-7f8af820b000 rw-p 00009000 08:01 22549074                   /lib/x86_64-linux-gnu/libcrypt-2.23.so
7f8af820b000-7f8af8239000 rw-p 00000000 00:00 0 
7f8af8239000-7f8af8280000 r-xp 00000000 08:01 4858299                    /usr/lib/x86_64-linux-gnu/libhx509.so.5.0.0
7f8af8280000-7f8af847f000 ---p 00047000 08:01 4858299                    /usr/lib/x86_64-linux-gnu/libhx509.so.5.0.0
7f8af847f000-7f8af8481000 r--p 00046000 08:01 4858299                    /usr/lib/x86_64-linux-gnu/libhx509.so.5.0.0
7f8af8481000-7f8af8483000 rw-p 00048000 08:01 4858299                    /usr/lib/x86_64-linux-gnu/libhx509.so.5.0.0
7f8af8483000-7f8af8484000 rw-p 00000000 00:00 0 
7f8af8484000-7f8af8492000 r-xp 00000000 08:01 4858281                    /usr/lib/x86_64-linux-gnu/libheimbase.so.1.0.0
7f8af8492000-7f8af8691000 ---p 0000e000 08:01 4858281                    /usr/lib/x86_64-linux-gnu/libheimbase.so.1.0.0
7f8af8691000-7f8af8692000 r--p 0000d000 08:01 4858281                    /usr/lib/x86_64-linux-gnu/libheimbase.so.1.0.0
7f8af8692000-7f8af8693000 rw-p 0000e000 08:01 4858281                    /usr/lib/x86_64-linux-gnu/libheimbase.so.1.0.0
7f8af8693000-7f8af86ba000 r-xp 00000000 08:01 4858962                    /usr/lib/x86_64-linux-gnu/libwind.so.0.0.0
7f8af86ba000-7f8af88ba000 ---p 00027000 08:01 4858962                    /usr/lib/x86_64-linux-gnu/libwind.so.0.0.0
7f8af88ba000-7f8af88bb000 r--p 00027000 08:01 4858962                    /usr/lib/x86_64-linux-gnu/libwind.so.0.0.0
7f8af88bb000-7f8af88bc000 rw-p 00028000 08:01 4858962                    /usr/lib/x86_64-linux-gnu/libwind.so.0.0.0
7f8af88bc000-7f8af88d1000 r-xp 00000000 08:01 4858701                    /usr/lib/x86_64-linux-gnu/libroken.so.18.1.0
7f8af88d1000-7f8af8ad0000 ---p 00015000 08:01 4858701                    /usr/lib/x86_64-linux-gnu/libroken.so.18.1.0
7f8af8ad0000-7f8af8ad1000 r--p 00014000 08:01 4858701                    /usr/lib/x86_64-linux-gnu/libroken.so.18.1.0
7f8af8ad1000-7f8af8ad2000 rw-p 00015000 08:01 4858701                    /usr/lib/x86_64-linux-gnu/libroken.so.18.1.0
7f8af8ad2000-7f8af8b02000 r-xp 00000000 08:01 4858279                    /usr/lib/x86_64-linux-gnu/libhcrypto.so.4.1.0
7f8af8b02000-7f8af8d02000 ---p 00030000 08:01 4858279                    /usr/lib/x86_64-linux-gnu/libhcrypto.so.4.1.0
7f8af8d02000-7f8af8d03000 r--p 00030000 08:01 4858279                    /usr/lib/x86_64-linux-gnu/libhcrypto.so.4.1.0
7f8af8d03000-7f8af8d04000 rw-p 00031000 08:01 4858279                    /usr/lib/x86_64-linux-gnu/libhcrypto.so.4.1.0
7f8af8d04000-7f8af8d05000 rw-p 00000000 00:00 0 
7f8af8d05000-7f8af8da4000 r-xp 00000000 08:01 4857714                    /usr/lib/x86_64-linux-gnu/libasn1.so.8.0.0
7f8af8da4000-7f8af8fa3000 ---p 0009f000 08:01 4857714                    /usr/lib/x86_64-linux-gnu/libasn1.so.8.0.0
7f8af8fa3000-7f8af8fa4000 r--p 0009e000 08:01 4857714                    /usr/lib/x86_64-linux-gnu/libasn1.so.8.0.0
7f8af8fa4000-7f8af8fa7000 rw-p 0009f000 08:01 4857714                    /usr/lib/x86_64-linux-gnu/libasn1.so.8.0.0
7f8af8fa7000-7f8af902b000 r-xp 00000000 08:01 4858386                    /usr/lib/x86_64-linux-gnu/libkrb5.so.26.0.0
7f8af902b000-7f8af922a000 ---p 00084000 08:01 4858386                    /usr/lib/x86_64-linux-gnu/libkrb5.so.26.0.0
7f8af922a000-7f8af922d000 r--p 00083000 08:01 4858386                    /usr/lib/x86_64-linux-gnu/libkrb5.so.26.0.0
7f8af922d000-7f8af9230000 rw-p 00086000 08:01 4858386                    /usr/lib/x86_64-linux-gnu/libkrb5.so.26.0.0
7f8af9230000-7f8af9231000 rw-p 00000000 00:00 0 
7f8af9231000-7f8af9239000 r-xp 00000000 08:01 4858283                    /usr/lib/x86_64-linux-gnu/libheimntlm.so.0.1.0
7f8af9239000-7f8af9438000 ---p 00008000 08:01 4858283                    /usr/lib/x86_64-linux-gnu/libheimntlm.so.0.1.0
7f8af9438000-7f8af9439000 r--p 00007000 08:01 4858283                    /usr/lib/x86_64-linux-gnu/libheimntlm.so.0.1.0
7f8af9439000-7f8af943a000 rw-p 00008000 08:01 4858283                    /usr/lib/x86_64-linux-gnu/libheimntlm.so.0.1.0
7f8af943a000-7f8af943d000 r-xp 00000000 08:01 22549125                   /lib/x86_64-linux-gnu/libkeyutils.so.1.5
7f8af943d000-7f8af963c000 ---p 00003000 08:01 22549125                   /lib/x86_64-linux-gnu/libkeyutils.so.1.5
7f8af963c000-7f8af963d000 r--p 00002000 08:01 22549125                   /lib/x86_64-linux-gnu/libkeyutils.so.1.5
7f8af963d000-7f8af963e000 rw-p 00003000 08:01 22549125                   /lib/x86_64-linux-gnu/libkeyutils.so.1.5
7f8af963e000-7f8af967b000 r-xp 00000000 08:01 4858202                    /usr/lib/x86_64-linux-gnu/libgssapi.so.3.0.0
7f8af967b000-7f8af987b000 ---p 0003d000 08:01 4858202                    /usr/lib/x86_64-linux-gnu/libgssapi.so.3.0.0
7f8af987b000-7f8af987c000 r--p 0003d000 08:01 4858202                    /usr/lib/x86_64-linux-gnu/libgssapi.so.3.0.0
7f8af987c000-7f8af987e000 rw-p 0003e000 08:01 4858202                    /usr/lib/x86_64-linux-gnu/libgssapi.so.3.0.0
7f8af987e000-7f8af987f000 rw-p 00000000 00:00 0 
7f8af987f000-7f8af9896000 r-xp 00000000 08:01 22549216                   /lib/x86_64-linux-gnu/libresolv-2.23.so
7f8af9896000-7f8af9a96000 ---p 00017000 08:01 22549216                   /lib/x86_64-linux-gnu/libresolv-2.23.so
7f8af9a96000-7f8af9a97000 r--p 00017000 08:01 22549216                   /lib/x86_64-linux-gnu/libresolv-2.23.so
7f8af9a97000-7f8af9a98000 rw-p 00018000 08:01 22549216                   /lib/x86_64-linux-gnu/libresolv-2.23.so
7f8af9a98000-7f8af9a9a000 rw-p 00000000 00:00 0 
7f8af9a9a000-7f8af9aa4000 r-xp 00000000 08:01 4858390                    /usr/lib/x86_64-linux-gnu/libkrb5support.so.0.1
7f8af9aa4000-7f8af9ca3000 ---p 0000a000 08:01 4858390                    /usr/lib/x86_64-linux-gnu/libkrb5support.so.0.1
7f8af9ca3000-7f8af9ca4000 r--p 00009000 08:01 4858390                    /usr/lib/x86_64-linux-gnu/libkrb5support.so.0.1
7f8af9ca4000-7f8af9ca5000 rw-p 0000a000 08:01 4858390                    /usr/lib/x86_64-linux-gnu/libkrb5support.so.0.1
7f8af9ca5000-7f8af9ca8000 r-xp 00000000 08:01 22549073                   /lib/x86_64-linux-gnu/libcom_err.so.2.1
7f8af9ca8000-7f8af9ea7000 ---p 00003000 08:01 22549073                   /lib/x86_64-linux-gnu/libcom_err.so.2.1
7f8af9ea7000-7f8af9ea8000 r--p 00002000 08:01 22549073                   /lib/x86_64-linux-gnu/libcom_err.so.2.1
7f8af9ea8000-7f8af9ea9000 rw-p 00003000 08:01 22549073                   /lib/x86_64-linux-gnu/libcom_err.so.2.1
7f8af9ea9000-7f8af9ed5000 r-xp 00000000 08:01 4858380                    /usr/lib/x86_64-linux-gnu/libk5crypto.so.3.1
7f8af9ed5000-7f8afa0d4000 ---p 0002c000 08:01 4858380                    /usr/lib/x86_64-linux-gnu/libk5crypto.so.3.1
7f8afa0d4000-7f8afa0d6000 r--p 0002b000 08:01 4858380                    /usr/lib/x86_64-linux-gnu/libk5crypto.so.3.1
7f8afa0d6000-7f8afa0d7000 rw-p 0002d000 08:01 4858380                    /usr/lib/x86_64-linux-gnu/libk5crypto.so.3.1
7f8afa0d7000-7f8afa0d8000 rw-p 00000000 00:00 0 
7f8afa0d8000-7f8afa19b000 r-xp 00000000 08:01 4858388                    /usr/lib/x86_64-linux-gnu/libkrb5.so.3.3
7f8afa19b000-7f8afa39b000 ---p 000c3000 08:01 4858388                    /usr/lib/x86_64-linux-gnu/libkrb5.so.3.3
7f8afa39b000-7f8afa3a8000 r--p 000c3000 08:01 4858388                    /usr/lib/x86_64-linux-gnu/libkrb5.so.3.3
7f8afa3a8000-7f8afa3aa000 rw-p 000d0000 08:01 4858388                    /usr/lib/x86_64-linux-gnu/libkrb5.so.3.3
7f8afa3aa000-7f8afa3c0000 r-xp 00000000 08:01 22549102                   /lib/x86_64-linux-gnu/libgcc_s.so.1
7f8afa3c0000-7f8afa5bf000 ---p 00016000 08:01 22549102                   /lib/x86_64-linux-gnu/libgcc_s.so.1
7f8afa5bf000-7f8afa5c0000 rw-p 00015000 08:01 22549102                   /lib/x86_64-linux-gnu/libgcc_s.so.1
7f8afa5c0000-7f8afa732000 r-xp 00000000 08:01 4858797                    /usr/lib/x86_64-linux-gnu/libstdc++.so.6.0.21
7f8afa732000-7f8afa932000 ---p 00172000 08:01 4858797                    /usr/lib/x86_64-linux-gnu/libstdc++.so.6.0.21
7f8afa932000-7f8afa93c000 r--p 00172000 08:01 4858797                    /usr/lib/x86_64-linux-gnu/libstdc++.so.6.0.21
7f8afa93c000-7f8afa93e000 rw-p 0017c000 08:01 4858797                    /usr/lib/x86_64-linux-gnu/libstdc++.so.6.0.21
7f8afa93e000-7f8afa942000 rw-p 00000000 00:00 0 
7f8afa942000-7f8afc1f8000 r-xp 00000000 08:01 4858318                    /usr/lib/x86_64-linux-gnu/libicudata.so.55.1
7f8afc1f8000-7f8afc3f7000 ---p 018b6000 08:01 4858318                    /usr/lib/x86_64-linux-gnu/libicudata.so.55.1
7f8afc3f7000-7f8afc3f8000 r--p 018b5000 08:01 4858318                    /usr/lib/x86_64-linux-gnu/libicudata.so.55.1
7f8afc3f8000-7f8afc3f9000 rw-p 018b6000 08:01 4858318                    /usr/lib/x86_64-linux-gnu/libicudata.so.55.1
7f8afc3f9000-7f8afc40b000 r-xp 00000000 08:01 22549108                   /lib/x86_64-linux-gnu/libgpg-error.so.0.17.0
7f8afc40b000-7f8afc60b000 ---p 00012000 08:01 22549108                   /lib/x86_64-linux-gnu/libgpg-error.so.0.17.0
7f8afc60b000-7f8afc60c000 r--p 00012000 08:01 22549108                   /lib/x86_64-linux-gnu/libgpg-error.so.0.17.0
7f8afc60c000-7f8afc60d000 rw-p 00013000 08:01 22549108                   /lib/x86_64-linux-gnu/libgpg-error.so.0.17.0
7f8afc60d000-7f8afc611000 r-xp 00000000 08:01 22549248                   /lib/x86_64-linux-gnu/libuuid.so.1.3.0
7f8afc611000-7f8afc810000 ---p 00004000 08:01 22549248                   /lib/x86_64-linux-gnu/libuuid.so.1.3.0
7f8afc810000-7f8afc811000 r--p 00003000 08:01 22549248                   /lib/x86_64-linux-gnu/libuuid.so.1.3.0
7f8afc811000-7f8afc812000 rw-p 00004000 08:01 22549248                   /lib/x86_64-linux-gnu/libuuid.so.1.3.0
7f8afc812000-7f8afc818000 r-xp 00000000 08:01 4855901                    /usr/lib/x86_64-linux-gnu/libxenstore.so.3.0.3
7f8afc818000-7f8afca17000 ---p 00006000 08:01 4855901                    /usr/lib/x86_64-linux-gnu/libxenstore.so.3.0.3
7f8afca17000-7f8afca18000 r--p 00005000 08:01 4855901                    /usr/lib/x86_64-linux-gnu/libxenstore.so.3.0.3
7f8afca18000-7f8afca19000 rw-p 00006000 08:01 4855901                    /usr/lib/x86_64-linux-gnu/libxenstore.so.3.0.3
7f8afca19000-7f8afca1c000 rw-p 00000000 00:00 0 
7f8afca1c000-7f8afca44000 r-xp 00000000 08:01 4855906                    /usr/lib/x86_64-linux-gnu/libxenguest-4.6.so
7f8afca44000-7f8afcc43000 ---p 00028000 08:01 4855906                    /usr/lib/x86_64-linux-gnu/libxenguest-4.6.so
7f8afcc43000-7f8afcc44000 r--p 00027000 08:01 4855906                    /usr/lib/x86_64-linux-gnu/libxenguest-4.6.so
7f8afcc44000-7f8afcc45000 rw-p 00028000 08:01 4855906                    /usr/lib/x86_64-linux-gnu/libxenguest-4.6.so
7f8afcc45000-7f8afcc73000 r-xp 00000000 08:01 4855905                    /usr/lib/x86_64-linux-gnu/libxenctrl-4.6.so
7f8afcc73000-7f8afce72000 ---p 0002e000 08:01 4855905                    /usr/lib/x86_64-linux-gnu/libxenctrl-4.6.so
7f8afce72000-7f8afce73000 r--p 0002d000 08:01 4855905                    /usr/lib/x86_64-linux-gnu/libxenctrl-4.6.so
7f8afce73000-7f8afce74000 rw-p 0002e000 08:01 4855905                    /usr/lib/x86_64-linux-gnu/libxenctrl-4.6.so
7f8afce74000-7f8afcec1000 r-xp 00000000 08:01 4858401                    /usr/lib/x86_64-linux-gnu/libldap_r-2.4.so.2.10.5
7f8afcec1000-7f8afd0c0000 ---p 0004d000 08:01 4858401                    /usr/lib/x86_64-linux-gnu/libldap_r-2.4.so.2.10.5
7f8afd0c0000-7f8afd0c2000 r--p 0004c000 08:01 4858401                    /usr/lib/x86_64-linux-gnu/libldap_r-2.4.so.2.10.5
7f8afd0c2000-7f8afd0c3000 rw-p 0004e000 08:01 4858401                    /usr/lib/x86_64-linux-gnu/libldap_r-2.4.so.2.10.5
7f8afd0c3000-7f8afd0c5000 rw-p 00000000 00:00 0 
7f8afd0c5000-7f8afd0d2000 r-xp 00000000 08:01 4858396                    /usr/lib/x86_64-linux-gnu/liblber-2.4.so.2.10.5
7f8afd0d2000-7f8afd2d2000 ---p 0000d000 08:01 4858396                    /usr/lib/x86_64-linux-gnu/liblber-2.4.so.2.10.5
7f8afd2d2000-7f8afd2d3000 r--p 0000d000 08:01 4858396                    /usr/lib/x86_64-linux-gnu/liblber-2.4.so.2.10.5
7f8afd2d3000-7f8afd2d4000 rw-p 0000e000 08:01 4858396                    /usr/lib/x86_64-linux-gnu/liblber-2.4.so.2.10.5
7f8afd2d4000-7f8afd31b000 r-xp 00000000 08:01 4858204                    /usr/lib/x86_64-linux-gnu/libgssapi_krb5.so.2.2
7f8afd31b000-7f8afd51a000 ---p 00047000 08:01 4858204                    /usr/lib/x86_64-linux-gnu/libgssapi_krb5.so.2.2
7f8afd51a000-7f8afd51c000 r--p 00046000 08:01 4858204                    /usr/lib/x86_64-linux-gnu/libgssapi_krb5.so.2.2
7f8afd51c000-7f8afd51e000 rw-p 00048000 08:01 4858204                    /usr/lib/x86_64-linux-gnu/libgssapi_krb5.so.2.2
7f8afd51e000-7f8afd539000 r-xp 00000000 08:01 4858709                    /usr/lib/x86_64-linux-gnu/librtmp.so.1
7f8afd539000-7f8afd738000 ---p 0001b000 08:01 4858709                    /usr/lib/x86_64-linux-gnu/librtmp.so.1
7f8afd738000-7f8afd739000 r--p 0001a000 08:01 4858709                    /usr/lib/x86_64-linux-gnu/librtmp.so.1
7f8afd739000-7f8afd73a000 rw-p 0001b000 08:01 4858709                    /usr/lib/x86_64-linux-gnu/librtmp.so.1
7f8afd73a000-7f8afd7b9000 r-xp 00000000 08:01 4858147                    /usr/lib/x86_64-linux-gnu/libgmp.so.10.3.0
7f8afd7b9000-7f8afd9b8000 ---p 0007f000 08:01 4858147                    /usr/lib/x86_64-linux-gnu/libgmp.so.10.3.0
7f8afd9b8000-7f8afd9b9000 r--p 0007e000 08:01 4858147                    /usr/lib/x86_64-linux-gnu/libgmp.so.10.3.0
7f8afd9b9000-7f8afd9ba000 rw-p 0007f000 08:01 4858147                    /usr/lib/x86_64-linux-gnu/libgmp.so.10.3.0
7f8afd9ba000-7f8afd9ec000 r-xp 00000000 08:01 4858285                    /usr/lib/x86_64-linux-gnu/libhogweed.so.4.2
7f8afd9ec000-7f8afdbeb000 ---p 00032000 08:01 4858285                    /usr/lib/x86_64-linux-gnu/libhogweed.so.4.2
7f8afdbeb000-7f8afdbec000 r--p 00031000 08:01 4858285                    /usr/lib/x86_64-linux-gnu/libhogweed.so.4.2
7f8afdbec000-7f8afdbed000 rw-p 00032000 08:01 4858285                    /usr/lib/x86_64-linux-gnu/libhogweed.so.4.2
7f8afdbed000-7f8afdc21000 r-xp 00000000 08:01 4858510                    /usr/lib/x86_64-linux-gnu/libnettle.so.6.2
7f8afdc21000-7f8afde20000 ---p 00034000 08:01 4858510                    /usr/lib/x86_64-linux-gnu/libnettle.so.6.2
7f8afde20000-7f8afde22000 r--p 00033000 08:01 4858510                    /usr/lib/x86_64-linux-gnu/libnettle.so.6.2
7f8afde22000-7f8afde23000 rw-p 00035000 08:01 4858510                    /usr/lib/x86_64-linux-gnu/libnettle.so.6.2
7f8afde23000-7f8afde34000 r-xp 00000000 08:01 4858806                    /usr/lib/x86_64-linux-gnu/libtasn1.so.6.5.1
7f8afde34000-7f8afe034000 ---p 00011000 08:01 4858806                    /usr/lib/x86_64-linux-gnu/libtasn1.so.6.5.1
7f8afe034000-7f8afe035000 r--p 00011000 08:01 4858806                    /usr/lib/x86_64-linux-gnu/libtasn1.so.6.5.1
7f8afe035000-7f8afe036000 rw-p 00012000 08:01 4858806                    /usr/lib/x86_64-linux-gnu/libtasn1.so.6.5.1
7f8afe036000-7f8afe067000 r-xp 00000000 08:01 4858334                    /usr/lib/x86_64-linux-gnu/libidn.so.11.6.15
7f8afe067000-7f8afe267000 ---p 00031000 08:01 4858334                    /usr/lib/x86_64-linux-gnu/libidn.so.11.6.15
7f8afe267000-7f8afe268000 r--p 00031000 08:01 4858334                    /usr/lib/x86_64-linux-gnu/libidn.so.11.6.15
7f8afe268000-7f8afe269000 rw-p 00032000 08:01 4858334                    /usr/lib/x86_64-linux-gnu/libidn.so.11.6.15
7f8afe269000-7f8afe2c2000 r-xp 00000000 08:01 4858573                    /usr/lib/x86_64-linux-gnu/libp11-kit.so.0.1.0
7f8afe2c2000-7f8afe4c1000 ---p 00059000 08:01 4858573                    /usr/lib/x86_64-linux-gnu/libp11-kit.so.0.1.0
7f8afe4c1000-7f8afe4cb000 r--p 00058000 08:01 4858573                    /usr/lib/x86_64-linux-gnu/libp11-kit.so.0.1.0
7f8afe4cb000-7f8afe4cd000 rw-p 00062000 08:01 4858573                    /usr/lib/x86_64-linux-gnu/libp11-kit.so.0.1.0
7f8afe4cd000-7f8afe64c000 r-xp 00000000 08:01 4858332                    /usr/lib/x86_64-linux-gnu/libicuuc.so.55.1
7f8afe64c000-7f8afe84c000 ---p 0017f000 08:01 4858332                    /usr/lib/x86_64-linux-gnu/libicuuc.so.55.1
7f8afe84c000-7f8afe85c000 r--p 0017f000 08:01 4858332                    /usr/lib/x86_64-linux-gnu/libicuuc.so.55.1
7f8afe85c000-7f8afe85d000 rw-p 0018f000 08:01 4858332                    /usr/lib/x86_64-linux-gnu/libicuuc.so.55.1
7f8afe85d000-7f8afe861000 rw-p 00000000 00:00 0 
7f8afe861000-7f8afe938000 r-xp 00000000 08:01 22549104                   /lib/x86_64-linux-gnu/libgcrypt.so.20.0.5
7f8afe938000-7f8afeb38000 ---p 000d7000 08:01 22549104                   /lib/x86_64-linux-gnu/libgcrypt.so.20.0.5
7f8afeb38000-7f8afeb39000 r--p 000d7000 08:01 22549104                   /lib/x86_64-linux-gnu/libgcrypt.so.20.0.5
7f8afeb39000-7f8afeb41000 rw-p 000d8000 08:01 22549104                   /lib/x86_64-linux-gnu/libgcrypt.so.20.0.5
7f8afeb41000-7f8afeb42000 rw-p 00000000 00:00 0 
7f8afeb42000-7f8afeb63000 r-xp 00000000 08:01 22549131                   /lib/x86_64-linux-gnu/liblzma.so.5.0.0
7f8afeb63000-7f8afed62000 ---p 00021000 08:01 22549131                   /lib/x86_64-linux-gnu/liblzma.so.5.0.0
7f8afed62000-7f8afed63000 r--p 00020000 08:01 22549131                   /lib/x86_64-linux-gnu/liblzma.so.5.0.0
7f8afed63000-7f8afed64000 rw-p 00021000 08:01 22549131                   /lib/x86_64-linux-gnu/liblzma.so.5.0.0
7f8afed64000-7f8afed83000 r-xp 00000000 08:01 22549222                   /lib/x86_64-linux-gnu/libselinux.so.1
7f8afed83000-7f8afef82000 ---p 0001f000 08:01 22549222                   /lib/x86_64-linux-gnu/libselinux.so.1
7f8afef82000-7f8afef83000 r--p 0001e000 08:01 22549222                   /lib/x86_64-linux-gnu/libselinux.so.1
7f8afef83000-7f8afef84000 rw-p 0001f000 08:01 22549222                   /lib/x86_64-linux-gnu/libselinux.so.1
7f8afef84000-7f8afef86000 rw-p 00000000 00:00 0 
7f8afef86000-7f8afef8d000 r-xp 00000000 08:01 22549218                   /lib/x86_64-linux-gnu/librt-2.23.so
7f8afef8d000-7f8aff18c000 ---p 00007000 08:01 22549218                   /lib/x86_64-linux-gnu/librt-2.23.so
7f8aff18c000-7f8aff18d000 r--p 00006000 08:01 22549218                   /lib/x86_64-linux-gnu/librt-2.23.so
7f8aff18d000-7f8aff18e000 rw-p 00007000 08:01 22549218                   /lib/x86_64-linux-gnu/librt-2.23.so
7f8aff18e000-7f8aff21a000 r-xp 00000000 08:01 4855904                    /usr/lib/x86_64-linux-gnu/libxenlight-4.6.so
7f8aff21a000-7f8aff419000 ---p 0008c000 08:01 4855904                    /usr/lib/x86_64-linux-gnu/libxenlight-4.6.so
7f8aff419000-7f8aff41a000 r--p 0008b000 08:01 4855904                    /usr/lib/x86_64-linux-gnu/libxenlight-4.6.so
7f8aff41a000-7f8aff41d000 rw-p 0008c000 08:01 4855904                    /usr/lib/x86_64-linux-gnu/libxenlight-4.6.so
7f8aff41d000-7f8aff42c000 r-xp 00000000 08:01 22545415                   /lib/x86_64-linux-gnu/libapparmor.so.1.4.0
7f8aff42c000-7f8aff62b000 ---p 0000f000 08:01 22545415                   /lib/x86_64-linux-gnu/libapparmor.so.1.4.0
7f8aff62b000-7f8aff62c000 r--p 0000e000 08:01 22545415                   /lib/x86_64-linux-gnu/libapparmor.so.1.4.0
7f8aff62c000-7f8aff62d000 rw-p 0000f000 08:01 22545415                   /lib/x86_64-linux-gnu/libapparmor.so.1.4.0
7f8aff62d000-7f8aff697000 r-xp 00000000 08:01 4857296                    /usr/lib/x86_64-linux-gnu/libcurl-gnutls.so.4.4.0
7f8aff697000-7f8aff896000 ---p 0006a000 08:01 4857296                    /usr/lib/x86_64-linux-gnu/libcurl-gnutls.so.4.4.0
7f8aff896000-7f8aff899000 r--p 00069000 08:01 4857296                    /usr/lib/x86_64-linux-gnu/libcurl-gnutls.so.4.4.0
7f8aff899000-7f8aff89a000 rw-p 0006c000 08:01 4857296                    /usr/lib/x86_64-linux-gnu/libcurl-gnutls.so.4.4.0
7f8aff89a000-7f8aff8b3000 r-xp 00000000 08:01 4858728                    /usr/lib/x86_64-linux-gnu/libsasl2.so.2.0.25
7f8aff8b3000-7f8affab3000 ---p 00019000 08:01 4858728                    /usr/lib/x86_64-linux-gnu/libsasl2.so.2.0.25
7f8affab3000-7f8affab4000 r--p 00019000 08:01 4858728                    /usr/lib/x86_64-linux-gnu/libsasl2.so.2.0.25
7f8affab4000-7f8affab5000 rw-p 0001a000 08:01 4858728                    /usr/lib/x86_64-linux-gnu/libsasl2.so.2.0.25
7f8affab5000-7f8affbd8000 r-xp 00000000 08:01 4858162                    /usr/lib/x86_64-linux-gnu/libgnutls.so.30.6.2
7f8affbd8000-7f8affdd7000 ---p 00123000 08:01 4858162                    /usr/lib/x86_64-linux-gnu/libgnutls.so.30.6.2
7f8affdd7000-7f8affde2000 r--p 00122000 08:01 4858162                    /usr/lib/x86_64-linux-gnu/libgnutls.so.30.6.2
7f8affde2000-7f8affde4000 rw-p 0012d000 08:01 4858162                    /usr/lib/x86_64-linux-gnu/libgnutls.so.30.6.2
7f8affde4000-7f8affde5000 rw-p 00000000 00:00 0 
7f8affde5000-7f8affe2f000 r-xp 00000000 08:01 22549080                   /lib/x86_64-linux-gnu/libdbus-1.so.3.14.6
7f8affe2f000-7f8b0002f000 ---p 0004a000 08:01 22549080                   /lib/x86_64-linux-gnu/libdbus-1.so.3.14.6
7f8b0002f000-7f8b00030000 r--p 0004a000 08:01 22549080                   /lib/x86_64-linux-gnu/libdbus-1.so.3.14.6
7f8b00030000-7f8b00031000 rw-p 0004b000 08:01 22549080                   /lib/x86_64-linux-gnu/libdbus-1.so.3.14.6
7f8b00031000-7f8b00041000 r-xp 00000000 08:01 4857740                    /usr/lib/x86_64-linux-gnu/libavahi-client.so.3.2.9
7f8b00041000-7f8b00240000 ---p 00010000 08:01 4857740                    /usr/lib/x86_64-linux-gnu/libavahi-client.so.3.2.9
7f8b00240000-7f8b00241000 r--p 0000f000 08:01 4857740                    /usr/lib/x86_64-linux-gnu/libavahi-client.so.3.2.9
7f8b00241000-7f8b00242000 rw-p 00010000 08:01 4857740                    /usr/lib/x86_64-linux-gnu/libavahi-client.so.3.2.9
7f8b00242000-7f8b0024d000 r-xp 00000000 08:01 4857742                    /usr/lib/x86_64-linux-gnu/libavahi-common.so.3.5.3
7f8b0024d000-7f8b0044c000 ---p 0000b000 08:01 4857742                    /usr/lib/x86_64-linux-gnu/libavahi-common.so.3.5.3
7f8b0044c000-7f8b0044d000 r--p 0000a000 08:01 4857742                    /usr/lib/x86_64-linux-gnu/libavahi-common.so.3.5.3
7f8b0044d000-7f8b0044e000 rw-p 0000b000 08:01 4857742                    /usr/lib/x86_64-linux-gnu/libavahi-common.so.3.5.3
7f8b0044e000-7f8b005ff000 r-xp 00000000 08:01 4859058                    /usr/lib/x86_64-linux-gnu/libxml2.so.2.9.3
7f8b005ff000-7f8b007fe000 ---p 001b1000 08:01 4859058                    /usr/lib/x86_64-linux-gnu/libxml2.so.2.9.3
7f8b007fe000-7f8b00806000 r--p 001b0000 08:01 4859058                    /usr/lib/x86_64-linux-gnu/libxml2.so.2.9.3
7f8b00806000-7f8b00808000 rw-p 001b8000 08:01 4859058                    /usr/lib/x86_64-linux-gnu/libxml2.so.2.9.3
7f8b00808000-7f8b00809000 rw-p 00000000 00:00 0 
7f8b00809000-7f8b00889000 r-xp 00000000 08:01 22549185                   /lib/x86_64-linux-gnu/libsystemd.so.0.14.0
7f8b00889000-7f8b0088c000 r--p 0007f000 08:01 22549185                   /lib/x86_64-linux-gnu/libsystemd.so.0.14.0
7f8b0088c000-7f8b0088d000 rw-p 00082000 08:01 22549185                   /lib/x86_64-linux-gnu/libsystemd.so.0.14.0
7f8b0088d000-7f8b0088e000 rw-p 00000000 00:00 0 
7f8b0088e000-7f8b00898000 r-xp 00000000 08:01 4858545                    /usr/lib/x86_64-linux-gnu/libnuma.so.1.0.0
7f8b00898000-7f8b00a97000 ---p 0000a000 08:01 4858545                    /usr/lib/x86_64-linux-gnu/libnuma.so.1.0.0
7f8b00a97000-7f8b00a98000 r--p 00009000 08:01 4858545                    /usr/lib/x86_64-linux-gnu/libnuma.so.1.0.0
7f8b00a98000-7f8b00a99000 rw-p 0000a000 08:01 4858545                    /usr/lib/x86_64-linux-gnu/libnuma.so.1.0.0
7f8b00a99000-7f8b00aee000 r-xp 00000000 08:01 22549087                   /lib/x86_64-linux-gnu/libdevmapper.so.1.02.1
7f8b00aee000-7f8b00ced000 ---p 00055000 08:01 22549087                   /lib/x86_64-linux-gnu/libdevmapper.so.1.02.1
7f8b00ced000-7f8b00cee000 r--p 00054000 08:01 22549087                   /lib/x86_64-linux-gnu/libdevmapper.so.1.02.1
7f8b00cee000-7f8b00cf1000 rw-p 00055000 08:01 22549087                   /lib/x86_64-linux-gnu/libdevmapper.so.1.02.1
7f8b00cf1000-7f8b00cf2000 rw-p 00000000 00:00 0 
7f8b00cf2000-7f8b00d0e000 r-xp 00000000 08:01 22549054                   /lib/x86_64-linux-gnu/libaudit.so.1.0.0
7f8b00d0e000-7f8b00f0d000 ---p 0001c000 08:01 22549054                   /lib/x86_64-linux-gnu/libaudit.so.1.0.0
7f8b00f0d000-7f8b00f0e000 r--p 0001b000 08:01 22549054                   /lib/x86_64-linux-gnu/libaudit.so.1.0.0
7f8b00f0e000-7f8b00f0f000 rw-p 0001c000 08:01 22549054                   /lib/x86_64-linux-gnu/libaudit.so.1.0.0
7f8b00f0f000-7f8b00f19000 rw-p 00000000 00:00 0 
7f8b00f19000-7f8b00f36000 r-xp 00000000 08:01 22549154                   /lib/x86_64-linux-gnu/libnl-3.so.200.22.0
7f8b00f36000-7f8b01135000 ---p 0001d000 08:01 22549154                   /lib/x86_64-linux-gnu/libnl-3.so.200.22.0
7f8b01135000-7f8b01137000 r--p 0001c000 08:01 22549154                   /lib/x86_64-linux-gnu/libnl-3.so.200.22.0
7f8b01137000-7f8b01138000 rw-p 0001e000 08:01 22549154                   /lib/x86_64-linux-gnu/libnl-3.so.200.22.0
7f8b01138000-7f8b01141000 r-xp 00000000 08:01 4859064                    /usr/lib/x86_64-linux-gnu/libyajl.so.2.1.0
7f8b01141000-7f8b01340000 ---p 00009000 08:01 4859064                    /usr/lib/x86_64-linux-gnu/libyajl.so.2.1.0
7f8b01340000-7f8b01342000 r--p 00008000 08:01 4859064                    /usr/lib/x86_64-linux-gnu/libyajl.so.2.1.0
7f8b01342000-7f8b01343000 rw-p 0000a000 08:01 4859064                    /usr/lib/x86_64-linux-gnu/libyajl.so.2.1.0
7f8b01343000-7f8b01347000 r-xp 00000000 08:01 4857799                    /usr/lib/x86_64-linux-gnu/libcap-ng.so.0.0.0
7f8b01347000-7f8b01546000 ---p 00004000 08:01 4857799                    /usr/lib/x86_64-linux-gnu/libcap-ng.so.0.0.0
7f8b01546000-7f8b01547000 r--p 00003000 08:01 4857799                    /usr/lib/x86_64-linux-gnu/libcap-ng.so.0.0.0
7f8b01547000-7f8b01548000 rw-p 00004000 08:01 4857799                    /usr/lib/x86_64-linux-gnu/libcap-ng.so.0.0.0
7f8b01548000-7f8b018b3000 r-xp 00000000 08:01 4855908                    /usr/lib/x86_64-linux-gnu/libvirt.so.0.1003.1
7f8b018b3000-7f8b01ab3000 ---p 0036b000 08:01 4855908                    /usr/lib/x86_64-linux-gnu/libvirt.so.0.1003.1
7f8b01ab3000-7f8b01ac1000 r--p 0036b000 08:01 4855908                    /usr/lib/x86_64-linux-gnu/libvirt.so.0.1003.1
7f8b01ac1000-7f8b01ace000 rw-p 00379000 08:01 4855908                    /usr/lib/x86_64-linux-gnu/libvirt.so.0.1003.1
7f8b01ace000-7f8b01acf000 rw-p 00000000 00:00 0 
7f8b01acf000-7f8b01b3d000 r-xp 00000000 08:01 22549193                   /lib/x86_64-linux-gnu/libpcre.so.3.13.2
7f8b01b3d000-7f8b01d3d000 ---p 0006e000 08:01 22549193                   /lib/x86_64-linux-gnu/libpcre.so.3.13.2
7f8b01d3d000-7f8b01d3e000 r--p 0006e000 08:01 22549193                   /lib/x86_64-linux-gnu/libpcre.so.3.13.2
7f8b01d3e000-7f8b01d3f000 rw-p 0006f000 08:01 22549193                   /lib/x86_64-linux-gnu/libpcre.so.3.13.2
7f8b01d3f000-7f8b01d58000 r-xp 00000000 08:01 5384842                    /usr/local/lib/libvmi-0.9.so
7f8b01d58000-7f8b01f57000 ---p 00019000 08:01 5384842                    /usr/local/lib/libvmi-0.9.so
7f8b01f57000-7f8b01f58000 r--p 00018000 08:01 5384842                    /usr/local/lib/libvmi-0.9.so
7f8b01f58000-7f8b01f59000 rw-p 00019000 08:01 5384842                    /usr/local/lib/libvmi-0.9.so
7f8b01f59000-7f8b01f5b000 rw-p 00000000 00:00 0 
7f8b01f5b000-7f8b0206a000 r-xp 00000000 08:01 22551910                   /lib/x86_64-linux-gnu/libglib-2.0.so.0.4800.2
7f8b0206a000-7f8b02269000 ---p 0010f000 08:01 22551910                   /lib/x86_64-linux-gnu/libglib-2.0.so.0.4800.2
7f8b02269000-7f8b0226a000 r--p 0010e000 08:01 22551910                   /lib/x86_64-linux-gnu/libglib-2.0.so.0.4800.2
7f8b0226a000-7f8b0226b000 rw-p 0010f000 08:01 22551910                   /lib/x86_64-linux-gnu/libglib-2.0.so.0.4800.2
7f8b0226b000-7f8b0226c000 rw-p 00000000 00:00 0 
7f8b0226c000-7f8b02276000 r-xp 00000000 08:01 5384845                    /usr/local/lib/python2.7/dist-packages/pyvmi.so
7f8b02276000-7f8b02475000 ---p 0000a000 08:01 5384845                    /usr/local/lib/python2.7/dist-packages/pyvmi.so
7f8b02475000-7f8b02476000 r--p 00009000 08:01 5384845                    /usr/local/lib/python2.7/dist-packages/pyvmi.so
7f8b02476000-7f8b02477000 rw-p 0000a000 08:01 5384845                    /usr/local/lib/python2.7/dist-packages/pyvmi.so
7f8b02477000-7f8b033f7000 rw-p 00000000 00:00 0 
7f8b033f7000-7f8b03404000 r-xp 00000000 08:01 5508405                    /usr/local/lib/python2.7/dist-packages/Crypto/Cipher/_DES.so
7f8b03404000-7f8b03603000 ---p 0000d000 08:01 5508405                    /usr/local/lib/python2.7/dist-packages/Crypto/Cipher/_DES.so
7f8b03603000-7f8b03604000 r--p 0000c000 08:01 5508405                    /usr/local/lib/python2.7/dist-packages/Crypto/Cipher/_DES.so
7f8b03604000-7f8b03605000 rw-p 0000d000 08:01 5508405                    /usr/local/lib/python2.7/dist-packages/Crypto/Cipher/_DES.so
7f8b03605000-7f8b03608000 r-xp 00000000 08:01 5508417                    /usr/local/lib/python2.7/dist-packages/Crypto/Cipher/_ARC4.so
7f8b03608000-7f8b03807000 ---p 00003000 08:01 5508417                    /usr/local/lib/python2.7/dist-packages/Crypto/Cipher/_ARC4.so
7f8b03807000-7f8b03808000 r--p 00002000 08:01 5508417                    /usr/local/lib/python2.7/dist-packages/Crypto/Cipher/_ARC4.so
7f8b03808000-7f8b03809000 rw-p 00003000 08:01 5508417                    /usr/local/lib/python2.7/dist-packages/Crypto/Cipher/_ARC4.so
7f8b03809000-7f8b0380c000 r-xp 00000000 08:01 5508374                    /usr/local/lib/python2.7/dist-packages/Crypto/Hash/_MD4.so
7f8b0380c000-7f8b03a0b000 ---p 00003000 08:01 5508374                    /usr/local/lib/python2.7/dist-packages/Crypto/Hash/_MD4.so
7f8b03a0b000-7f8b03a0c000 r--p 00002000 08:01 5508374                    /usr/local/lib/python2.7/dist-packages/Crypto/Hash/_MD4.so
7f8b03a0c000-7f8b03a0d000 rw-p 00003000 08:01 5508374                    /usr/local/lib/python2.7/dist-packages/Crypto/Hash/_MD4.so
7f8b03a0d000-7f8b03a13000 r-xp 00000000 08:01 4983938                    /usr/lib/python2.7/lib-dynload/_hashlib.x86_64-linux-gnu.so
7f8b03a13000-7f8b03c12000 ---p 00006000 08:01 4983938                    /usr/lib/python2.7/lib-dynload/_hashlib.x86_64-linux-gnu.so
7f8b03c12000-7f8b03c13000 r--p 00005000 08:01 4983938                    /usr/lib/python2.7/lib-dynload/_hashlib.x86_64-linux-gnu.so
7f8b03c13000-7f8b03c14000 rw-p 00006000 08:01 4983938                    /usr/lib/python2.7/lib-dynload/_hashlib.x86_64-linux-gnu.so
7f8b03c14000-7f8b03f95000 rw-p 00000000 00:00 0 
7f8b03f95000-7f8b03f97000 r-xp 00000000 08:01 4983960                    /usr/lib/python2.7/lib-dynload/resource.x86_64-linux-gnu.so
7f8b03f97000-7f8b04196000 ---p 00002000 08:01 4983960                    /usr/lib/python2.7/lib-dynload/resource.x86_64-linux-gnu.so
7f8b04196000-7f8b04197000 r--p 00001000 08:01 4983960                    /usr/lib/python2.7/lib-dynload/resource.x86_64-linux-gnu.so
7f8b04197000-7f8b04198000 rw-p 00002000 08:01 4983960                    /usr/lib/python2.7/lib-dynload/resource.x86_64-linux-gnu.so
7f8b04198000-7f8b04518000 rw-p 00000000 00:00 0 
7f8b04518000-7f8b04522000 r-xp 00000000 08:01 5506953                    /usr/local/lib/python2.7/dist-packages/distorm3/libdistorm3.so
7f8b04522000-7f8b04721000 ---p 0000a000 08:01 5506953                    /usr/local/lib/python2.7/dist-packages/distorm3/libdistorm3.so
7f8b04721000-7f8b04722000 r--p 00009000 08:01 5506953                    /usr/local/lib/python2.7/dist-packages/distorm3/libdistorm3.so
7f8b04722000-7f8b04729000 rw-p 0000a000 08:01 5506953                    /usr/local/lib/python2.7/dist-packages/distorm3/libdistorm3.so
7f8b04729000-7f8b04730000 r-xp 00000000 08:01 4858014                    /usr/lib/x86_64-linux-gnu/libffi.so.6.0.4
7f8b04730000-7f8b0492f000 ---p 00007000 08:01 4858014                    /usr/lib/x86_64-linux-gnu/libffi.so.6.0.4
7f8b0492f000-7f8b04930000 r--p 00006000 08:01 4858014                    /usr/lib/x86_64-linux-gnu/libffi.so.6.0.4
7f8b04930000-7f8b04931000 rw-p 00007000 08:01 4858014                    /usr/lib/x86_64-linux-gnu/libffi.so.6.0.4
7f8b04931000-7f8b0494f000 r-xp 00000000 08:01 4983933                    /usr/lib/python2.7/lib-dynload/_ctypes.x86_64-linux-gnu.so
7f8b0494f000-7f8b04b4e000 ---p 0001e000 08:01 4983933                    /usr/lib/python2.7/lib-dynload/_ctypes.x86_64-linux-gnu.so
7f8b04b4e000-7f8b04b4f000 r--p 0001d000 08:01 4983933                    /usr/lib/python2.7/lib-dynload/_ctypes.x86_64-linux-gnu.so
7f8b04b4f000-7f8b04b53000 rw-p 0001e000 08:01 4983933                    /usr/lib/python2.7/lib-dynload/_ctypes.x86_64-linux-gnu.so
7f8b04b53000-7f8b04c93000 rw-p 00000000 00:00 0 
7f8b04c93000-7f8b04d62000 r-xp 00000000 08:01 4858787                    /usr/lib/x86_64-linux-gnu/libsqlite3.so.0.8.6
7f8b04d62000-7f8b04f61000 ---p 000cf000 08:01 4858787                    /usr/lib/x86_64-linux-gnu/libsqlite3.so.0.8.6
7f8b04f61000-7f8b04f64000 r--p 000ce000 08:01 4858787                    /usr/lib/x86_64-linux-gnu/libsqlite3.so.0.8.6
7f8b04f64000-7f8b04f66000 rw-p 000d1000 08:01 4858787                    /usr/lib/x86_64-linux-gnu/libsqlite3.so.0.8.6
7f8b04f66000-7f8b04f67000 rw-p 00000000 00:00 0 
7f8b04f67000-7f8b04f79000 r-xp 00000000 08:01 4983944                    /usr/lib/python2.7/lib-dynload/_sqlite3.x86_64-linux-gnu.so
7f8b04f79000-7f8b05178000 ---p 00012000 08:01 4983944                    /usr/lib/python2.7/lib-dynload/_sqlite3.x86_64-linux-gnu.so
7f8b05178000-7f8b05179000 r--p 00011000 08:01 4983944                    /usr/lib/python2.7/lib-dynload/_sqlite3.x86_64-linux-gnu.so
7f8b05179000-7f8b0517b000 rw-p 00012000 08:01 4983944                    /usr/lib/python2.7/lib-dynload/_sqlite3.x86_64-linux-gnu.so
7f8b0517b000-7f8b05187000 r-xp 00000000 08:01 4983940                    /usr/lib/python2.7/lib-dynload/_json.x86_64-linux-gnu.so
7f8b05187000-7f8b05386000 ---p 0000c000 08:01 4983940                    /usr/lib/python2.7/lib-dynload/_json.x86_64-linux-gnu.so
7f8b05386000-7f8b05387000 r--p 0000b000 08:01 4983940                    /usr/lib/python2.7/lib-dynload/_json.x86_64-linux-gnu.so
7f8b05387000-7f8b05388000 rw-p 0000c000 08:01 4983940                    /usr/lib/python2.7/lib-dynload/_json.x86_64-linux-gnu.so
7f8b05388000-7f8b055a3000 r-xp 00000000 08:01 22548978                   /lib/x86_64-linux-gnu/libcrypto.so.1.0.0
7f8b055a3000-7f8b057a2000 ---p 0021b000 08:01 22548978                   /lib/x86_64-linux-gnu/libcrypto.so.1.0.0
7f8b057a2000-7f8b057be000 r--p 0021a000 08:01 22548978                   /lib/x86_64-linux-gnu/libcrypto.so.1.0.0
7f8b057be000-7f8b057ca000 rw-p 00236000 08:01 22548978                   /lib/x86_64-linux-gnu/libcrypto.so.1.0.0
7f8b057ca000-7f8b057cd000 rw-p 00000000 00:00 0 
7f8b057cd000-7f8b0582b000 r-xp 00000000 08:01 22548980                   /lib/x86_64-linux-gnu/libssl.so.1.0.0
7f8b0582b000-7f8b05a2b000 ---p 0005e000 08:01 22548980                   /lib/x86_64-linux-gnu/libssl.so.1.0.0
7f8b05a2b000-7f8b05a2f000 r--p 0005e000 08:01 22548980                   /lib/x86_64-linux-gnu/libssl.so.1.0.0
7f8b05a2f000-7f8b05a36000 rw-p 00062000 08:01 22548980                   /lib/x86_64-linux-gnu/libssl.so.1.0.0
7f8b05a36000-7f8b05a4b000 r-xp 00000000 08:01 4983945                    /usr/lib/python2.7/lib-dynload/_ssl.x86_64-linux-gnu.so
7f8b05a4b000-7f8b05c4a000 ---p 00015000 08:01 4983945                    /usr/lib/python2.7/lib-dynload/_ssl.x86_64-linux-gnu.so
7f8b05c4a000-7f8b05c4b000 r--p 00014000 08:01 4983945                    /usr/lib/python2.7/lib-dynload/_ssl.x86_64-linux-gnu.so
7f8b05c4b000-7f8b05c4f000 rw-p 00015000 08:01 4983945                    /usr/lib/python2.7/lib-dynload/_ssl.x86_64-linux-gnu.so
7f8b05c4f000-7f8b05e0f000 rw-p 00000000 00:00 0 
7f8b05e10000-7f8b05f50000 rw-p 00000000 00:00 0 
7f8b05f50000-7f8b0690f000 r--p 00000000 08:01 4856707                    /usr/lib/locale/locale-archive
7f8b0690f000-7f8b06a17000 r-xp 00000000 08:01 22549134                   /lib/x86_64-linux-gnu/libm-2.23.so
7f8b06a17000-7f8b06c16000 ---p 00108000 08:01 22549134                   /lib/x86_64-linux-gnu/libm-2.23.so
7f8b06c16000-7f8b06c17000 r--p 00107000 08:01 22549134                   /lib/x86_64-linux-gnu/libm-2.23.so
7f8b06c17000-7f8b06c18000 rw-p 00108000 08:01 22549134                   /lib/x86_64-linux-gnu/libm-2.23.so
7f8b06c18000-7f8b06c31000 r-xp 00000000 08:01 22549255                   /lib/x86_64-linux-gnu/libz.so.1.2.8
7f8b06c31000-7f8b06e30000 ---p 00019000 08:01 22549255                   /lib/x86_64-linux-gnu/libz.so.1.2.8
7f8b06e30000-7f8b06e31000 r--p 00018000 08:01 22549255                   /lib/x86_64-linux-gnu/libz.so.1.2.8
7f8b06e31000-7f8b06e32000 rw-p 00019000 08:01 22549255                   /lib/x86_64-linux-gnu/libz.so.1.2.8
7f8b06e32000-7f8b06e34000 r-xp 00000000 08:01 22549245                   /lib/x86_64-linux-gnu/libutil-2.23.so
7f8b06e34000-7f8b07033000 ---p 00002000 08:01 22549245                   /lib/x86_64-linux-gnu/libutil-2.23.so
7f8b07033000-7f8b07034000 r--p 00001000 08:01 22549245                   /lib/x86_64-linux-gnu/libutil-2.23.so
7f8b07034000-7f8b07035000 rw-p 00002000 08:01 22549245                   /lib/x86_64-linux-gnu/libutil-2.23.so
7f8b07035000-7f8b07038000 r-xp 00000000 08:01 22549088                   /lib/x86_64-linux-gnu/libdl-2.23.so
7f8b07038000-7f8b07237000 ---p 00003000 08:01 22549088                   /lib/x86_64-linux-gnu/libdl-2.23.so
7f8b07237000-7f8b07238000 r--p 00002000 08:01 22549088                   /lib/x86_64-linux-gnu/libdl-2.23.so
7f8b07238000-7f8b07239000 rw-p 00003000 08:01 22549088                   /lib/x86_64-linux-gnu/libdl-2.23.so
7f8b07239000-7f8b073f9000 r-xp 00000000 08:01 22549064                   /lib/x86_64-linux-gnu/libc-2.23.so
7f8b073f9000-7f8b075f9000 ---p 001c0000 08:01 22549064                   /lib/x86_64-linux-gnu/libc-2.23.so
7f8b075f9000-7f8b075fd000 r--p 001c0000 08:01 22549064                   /lib/x86_64-linux-gnu/libc-2.23.so
7f8b075fd000-7f8b075ff000 rw-p 001c4000 08:01 22549064                   /lib/x86_64-linux-gnu/libc-2.23.so
7f8b075ff000-7f8b07603000 rw-p 00000000 00:00 0 
7f8b07603000-7f8b0761b000 r-xp 00000000 08:01 22549210                   /lib/x86_64-linux-gnu/libpthread-2.23.so
7f8b0761b000-7f8b0781a000 ---p 00018000 08:01 22549210                   /lib/x86_64-linux-gnu/libpthread-2.23.so
7f8b0781a000-7f8b0781b000 r--p 00017000 08:01 22549210                   /lib/x86_64-linux-gnu/libpthread-2.23.so
7f8b0781b000-7f8b0781c000 rw-p 00018000 08:01 22549210                   /lib/x86_64-linux-gnu/libpthread-2.23.so
7f8b0781c000-7f8b07820000 rw-p 00000000 00:00 0 
7f8b07820000-7f8b07846000 r-xp 00000000 08:01 22549036                   /lib/x86_64-linux-gnu/ld-2.23.so
7f8b0784a000-7f8b07854000 r--s 00116000 08:01 7082179                    /usr/lib/jvm/java-8-openjdk-amd64/jre/lib/ext/localedata.jar
7f8b07854000-7f8b07872000 r-xp 00000000 08:01 22548971                   /lib/x86_64-linux-gnu/libudev.so.1.6.4
7f8b07872000-7f8b07873000 r--p 0001d000 08:01 22548971                   /lib/x86_64-linux-gnu/libudev.so.1.6.4
7f8b07873000-7f8b07874000 rw-p 0001e000 08:01 22548971                   /lib/x86_64-linux-gnu/libudev.so.1.6.4
7f8b07874000-7f8b07934000 rw-p 00000000 00:00 0 
7f8b07934000-7f8b07936000 r--s 00001000 08:01 7082178                    /usr/lib/jvm/java-8-openjdk-amd64/jre/lib/ext/dnsns.jar
7f8b07936000-7f8b07937000 r--s 0000a000 08:01 7082177                    /usr/lib/jvm/java-8-openjdk-amd64/jre/lib/ext/jaccess.jar
7f8b07937000-7f8b07952000 r--s 00394000 08:01 7082172                    /usr/lib/jvm/java-8-openjdk-amd64/jre/lib/ext/cldrdata.jar
7f8b07952000-7f8b07a2a000 rw-p 00000000 00:00 0 
7f8b07a2a000-7f8b07a2b000 r--s 00010000 08:01 7082174                    /usr/lib/jvm/java-8-openjdk-amd64/jre/lib/ext/zipfs.jar
7f8b07a2b000-7f8b07a2e000 r--s 0000f000 08:01 7082171                    /usr/lib/jvm/java-8-openjdk-amd64/jre/lib/ext/icedtea-sound.jar
7f8b07a2e000-7f8b07a31000 r--s 00039000 08:01 7082180                    /usr/lib/jvm/java-8-openjdk-amd64/jre/lib/ext/sunpkcs11.jar
7f8b07a31000-7f8b07a33000 r--s 00008000 08:01 7082175                    /usr/lib/jvm/java-8-openjdk-amd64/jre/lib/ext/sunec.jar
7f8b07a33000-7f8b07a3b000 rw-s 00000000 08:01 9961496                    /tmp/hsperfdata_sqq/5435
7f8b07a3b000-7f8b07a3c000 rw-p 00000000 00:00 0 
7f8b07a3c000-7f8b07a3d000 r--p 00000000 00:00 0 
7f8b07a3d000-7f8b07a44000 r--s 00000000 08:01 5114557                    /usr/lib/x86_64-linux-gnu/gconv/gconv-modules.cache
7f8b07a44000-7f8b07a45000 rwxp 00000000 00:00 0 
7f8b07a45000-7f8b07a46000 r--p 00025000 08:01 22549036                   /lib/x86_64-linux-gnu/ld-2.23.so
7f8b07a46000-7f8b07a47000 rw-p 00026000 08:01 22549036                   /lib/x86_64-linux-gnu/ld-2.23.so
7f8b07a47000-7f8b07a48000 rw-p 00000000 00:00 0 
7fff78383000-7fff78386000 ---p 00000000 00:00 0 
7fff78386000-7fff78483000 rw-p 00000000 00:00 0                          [stack]
7fff784a5000-7fff784a8000 r--p 00000000 00:00 0                          [vvar]
7fff784a8000-7fff784aa000 r-xp 00000000 00:00 0                          [vdso]
ffffffffff600000-ffffffffff601000 r-xp 00000000 00:00 0                  [vsyscall]

VM Arguments:
java_command: <unknown>
java_class_path (initial): /home/sqq/projects/IdeaProjects/JavaMemory/JDI/out/artifacts/JDI/JDI.jar
Launcher Type: generic

Environment Variables:
PATH=/home/sqq/bin:/home/sqq/.local/bin:/usr/local/sbin:/usr/local/bin:/usr/sbin:/usr/bin:/sbin:/bin:/usr/games:/usr/local/games:/snap/bin
SHELL=/bin/bash
DISPLAY=:0

Signal Handlers:
SIGSEGV: [libjvm.so+0xa765a0], sa_mask[0]=11111111011111111101111111111110, sa_flags=SA_RESTART|SA_SIGINFO
SIGBUS: [libjvm.so+0xa765a0], sa_mask[0]=11111111011111111101111111111110, sa_flags=SA_RESTART|SA_SIGINFO
SIGFPE: [libjvm.so+0x8bd800], sa_mask[0]=11111111011111111101111111111110, sa_flags=SA_RESTART|SA_SIGINFO
SIGPIPE: [libjvm.so+0x8bd800], sa_mask[0]=11111111011111111101111111111110, sa_flags=SA_RESTART|SA_SIGINFO
SIGXFSZ: [libjvm.so+0x8bd800], sa_mask[0]=11111111011111111101111111111110, sa_flags=SA_RESTART|SA_SIGINFO
SIGILL: [libjvm.so+0x8bd800], sa_mask[0]=11111111011111111101111111111110, sa_flags=SA_RESTART|SA_SIGINFO
SIGUSR1: SIG_DFL, sa_mask[0]=00000000000000000000000000000000, sa_flags=none
SIGUSR2: [libjvm.so+0x8bd6b0], sa_mask[0]=00100000000000000000000000000000, sa_flags=SA_RESTART|SA_SIGINFO
SIGHUP: [libjvm.so+0x8bdd40], sa_mask[0]=11111111011111111101111111111110, sa_flags=SA_RESTART|SA_SIGINFO
SIGINT: [libjvm.so+0x8bdd40], sa_mask[0]=11111111011111111101111111111110, sa_flags=SA_RESTART|SA_SIGINFO
SIGTERM: [libjvm.so+0x8bdd40], sa_mask[0]=11111111011111111101111111111110, sa_flags=SA_RESTART|SA_SIGINFO
SIGQUIT: [libjvm.so+0x8bdd40], sa_mask[0]=11111111011111111101111111111110, sa_flags=SA_RESTART|SA_SIGINFO


---------------  S Y S T E M  ---------------

OS:DISTRIB_ID=Ubuntu
DISTRIB_RELEASE=16.04
DISTRIB_CODENAME=xenial
DISTRIB_DESCRIPTION="Ubuntu 16.04.6 LTS"

uname:Linux 4.15.0-51-generic #55~16.04.1-Ubuntu SMP Thu May 16 09:24:37 UTC 2019 x86_64
libc:glibc 2.23 NPTL 2.23 
rlimit: STACK 8192k, CORE 0k, NPROC 14810, NOFILE 1048576, AS infinity
load average:1.26 0.91 0.64

/proc/meminfo:
MemTotal:        3852896 kB
MemFree:          163720 kB
MemAvailable:     404116 kB
Buffers:           27148 kB
Cached:           522648 kB
SwapCached:        78408 kB
Active:          2379076 kB
Inactive:        1131292 kB
Active(anon):    2132444 kB
Inactive(anon):   952956 kB
Active(file):     246632 kB
Inactive(file):   178336 kB
Unevictable:          48 kB
Mlocked:              48 kB
SwapTotal:        998396 kB
SwapFree:          62928 kB
Dirty:              2852 kB
Writeback:             0 kB
AnonPages:       2882440 kB
Mapped:           173024 kB
Shmem:            124820 kB
Slab:              86324 kB
SReclaimable:      35536 kB
SUnreclaim:        50788 kB
KernelStack:        7260 kB
PageTables:        39432 kB
NFS_Unstable:          0 kB
Bounce:                0 kB
WritebackTmp:          0 kB
CommitLimit:     2924844 kB
Committed_AS:    7479392 kB
VmallocTotal:   34359738367 kB
VmallocUsed:           0 kB
VmallocChunk:          0 kB
HardwareCorrupted:     0 kB
AnonHugePages:    137216 kB
ShmemHugePages:        0 kB
ShmemPmdMapped:        0 kB
CmaTotal:              0 kB
CmaFree:               0 kB
HugePages_Total:       0
HugePages_Free:        0
HugePages_Rsvd:        0
HugePages_Surp:        0
Hugepagesize:       2048 kB
DirectMap4k:      194268 kB
DirectMap2M:     3811328 kB

container (cgroup) information:
container_type: cgroupv1
cpu_cpuset_cpus: 0-1
cpu_memory_nodes: 0
active_processor_count: 2
cpu_quota: -1
cpu_period: 100000
cpu_shares: -1
memory_limit_in_bytes: -1
memory_and_swap_limit_in_bytes: -2
memory_soft_limit_in_bytes: -1
memory_usage_in_bytes: 3515547648
memory_max_usage_in_bytes: 2374856704


CPU:total 2 (initial active 2) (2 cores per cpu, 1 threads per core) family 6 model 42 stepping 7, cmov, cx8, fxsr, mmx, sse, sse2, sse3, ssse3, sse4.1, sse4.2, popcnt, clmul, tsc, tscinvbit

/proc/cpuinfo:
processor	: 0
vendor_id	: GenuineIntel
cpu family	: 6
model		: 42
model name	: Intel(R) Pentium(R) CPU G645 @ 2.90GHz
stepping	: 7
microcode	: 0x2f
cpu MHz		: 2482.567
cache size	: 3072 KB
physical id	: 0
siblings	: 2
core id		: 0
cpu cores	: 2
apicid		: 0
initial apicid	: 0
fpu		: yes
fpu_exception	: yes
cpuid level	: 13
wp		: yes
flags		: fpu vme de pse tsc msr pae mce cx8 apic sep mtrr pge mca cmov pat pse36 clflush dts acpi mmx fxsr sse sse2 ss ht tm pbe syscall nx rdtscp lm constant_tsc arch_perfmon pebs bts rep_good nopl xtopology nonstop_tsc cpuid aperfmperf pni pclmulqdq dtes64 monitor ds_cpl vmx est tm2 ssse3 cx16 xtpr pdcm pcid sse4_1 sse4_2 popcnt tsc_deadline_timer xsave lahf_lm epb pti ssbd ibrs ibpb stibp tpr_shadow vnmi flexpriority ept vpid xsaveopt dtherm arat pln pts md_clear flush_l1d
bugs		: cpu_meltdown spectre_v1 spectre_v2 spec_store_bypass l1tf mds
bogomips	: 5787.12
clflush size	: 64
cache_alignment	: 64
address sizes	: 36 bits physical, 48 bits virtual
power management:

processor	: 1
vendor_id	: GenuineIntel
cpu family	: 6
model		: 42
model name	: Intel(R) Pentium(R) CPU G645 @ 2.90GHz
stepping	: 7
microcode	: 0x2f
cpu MHz		: 2730.169
cache size	: 3072 KB
physical id	: 0
siblings	: 2
core id		: 1
cpu cores	: 2
apicid		: 2
initial apicid	: 2
fpu		: yes
fpu_exception	: yes
cpuid level	: 13
wp		: yes
flags		: fpu vme de pse tsc msr pae mce cx8 apic sep mtrr pge mca cmov pat pse36 clflush dts acpi mmx fxsr sse sse2 ss ht tm pbe syscall nx rdtscp lm constant_tsc arch_perfmon pebs bts rep_good nopl xtopology nonstop_tsc cpuid aperfmperf pni pclmulqdq dtes64 monitor ds_cpl vmx est tm2 ssse3 cx16 xtpr pdcm pcid sse4_1 sse4_2 popcnt tsc_deadline_timer xsave lahf_lm epb pti ssbd ibrs ibpb stibp tpr_shadow vnmi flexpriority ept vpid xsaveopt dtherm arat pln pts md_clear flush_l1d
bugs		: cpu_meltdown spectre_v1 spectre_v2 spec_store_bypass l1tf mds
bogomips	: 5787.12
clflush size	: 64
cache_alignment	: 64
address sizes	: 36 bits physical, 48 bits virtual
power management:



Memory: 4k page, physical 3852896k(163920k free), swap 998396k(62928k free)

vm_info: OpenJDK 64-Bit Server VM (25.212-b03) for linux-amd64 JRE (1.8.0_212-8u212-b03-0ubuntu1.16.04.1-b03), built on Apr 26 2019 02:02:50 by "buildd" with gcc 5.4.0 20160609

time: Tue Jun 11 16:09:00 2019
timezone: CST
elapsed time: 50 seconds (0d 0h 0m 50s)

